2024-08-03T18:40:20.330+05:30  INFO 8340 --- [networkticketingapplicationproject] [restartedMain] rkticketingapplicationprojectApplication : Starting NetworkticketingapplicationprojectApplication using Java 17.0.10 with PID 8340 (D:\nta\nta\backend\target\classes started by prasannakumar.d in D:\nta\nta\backend)
2024-08-03T18:40:20.340+05:30  INFO 8340 --- [networkticketingapplicationproject] [restartedMain] rkticketingapplicationprojectApplication : No active profile set, falling back to 1 default profile: "default"
2024-08-03T18:40:20.421+05:30  INFO 8340 --- [networkticketingapplicationproject] [restartedMain] .e.DevToolsPropertyDefaultsPostProcessor : Devtools property defaults active! Set 'spring.devtools.add-properties' to 'false' to disable
2024-08-03T18:40:20.422+05:30  INFO 8340 --- [networkticketingapplicationproject] [restartedMain] .e.DevToolsPropertyDefaultsPostProcessor : For additional web related logging consider setting the 'logging.level.web' property to 'DEBUG'
2024-08-03T18:40:21.498+05:30  INFO 8340 --- [networkticketingapplicationproject] [restartedMain] .s.d.r.c.RepositoryConfigurationDelegate : Bootstrapping Spring Data JPA repositories in DEFAULT mode.
2024-08-03T18:40:21.598+05:30  INFO 8340 --- [networkticketingapplicationproject] [restartedMain] .s.d.r.c.RepositoryConfigurationDelegate : Finished Spring Data repository scanning in 88 ms. Found 3 JPA repository interfaces.
2024-08-03T18:40:22.396+05:30  INFO 8340 --- [networkticketingapplicationproject] [restartedMain] o.s.b.w.embedded.tomcat.TomcatWebServer  : Tomcat initialized with port 9090 (http)
2024-08-03T18:40:22.412+05:30  INFO 8340 --- [networkticketingapplicationproject] [restartedMain] o.apache.catalina.core.StandardService   : Starting service [Tomcat]
2024-08-03T18:40:22.413+05:30  INFO 8340 --- [networkticketingapplicationproject] [restartedMain] o.apache.catalina.core.StandardEngine    : Starting Servlet engine: [Apache Tomcat/10.1.24]
2024-08-03T18:40:22.506+05:30  INFO 8340 --- [networkticketingapplicationproject] [restartedMain] o.a.c.c.C.[Tomcat].[localhost].[/]       : Initializing Spring embedded WebApplicationContext
2024-08-03T18:40:22.506+05:30  INFO 8340 --- [networkticketingapplicationproject] [restartedMain] w.s.c.ServletWebServerApplicationContext : Root WebApplicationContext: initialization completed in 2083 ms
2024-08-03T18:40:22.674+05:30  INFO 8340 --- [networkticketingapplicationproject] [restartedMain] o.hibernate.jpa.internal.util.LogHelper  : HHH000204: Processing PersistenceUnitInfo [name: default]
2024-08-03T18:40:22.783+05:30  INFO 8340 --- [networkticketingapplicationproject] [restartedMain] org.hibernate.Version                    : HHH000412: Hibernate ORM core version 6.5.2.Final
2024-08-03T18:40:22.834+05:30  INFO 8340 --- [networkticketingapplicationproject] [restartedMain] o.h.c.internal.RegionFactoryInitiator    : HHH000026: Second-level cache disabled
2024-08-03T18:40:23.257+05:30  INFO 8340 --- [networkticketingapplicationproject] [restartedMain] o.s.o.j.p.SpringPersistenceUnitInfo      : No LoadTimeWeaver setup: ignoring JPA class transformer
2024-08-03T18:40:23.301+05:30  INFO 8340 --- [networkticketingapplicationproject] [restartedMain] com.zaxxer.hikari.HikariDataSource       : HikariPool-1 - Starting...
2024-08-03T18:40:23.778+05:30  INFO 8340 --- [networkticketingapplicationproject] [restartedMain] com.zaxxer.hikari.pool.HikariPool        : HikariPool-1 - Added connection com.mysql.cj.jdbc.ConnectionImpl@61c719b2
2024-08-03T18:40:23.782+05:30  INFO 8340 --- [networkticketingapplicationproject] [restartedMain] com.zaxxer.hikari.HikariDataSource       : HikariPool-1 - Start completed.
2024-08-03T18:40:23.867+05:30  WARN 8340 --- [networkticketingapplicationproject] [restartedMain] org.hibernate.orm.deprecation            : HHH90000025: MySQLDialect does not need to be specified explicitly using 'hibernate.dialect' (remove the property setting and it will be selected by default)
2024-08-03T18:40:25.192+05:30  INFO 8340 --- [networkticketingapplicationproject] [restartedMain] o.h.e.t.j.p.i.JtaPlatformInitiator       : HHH000489: No JTA platform available (set 'hibernate.transaction.jta.platform' to enable JTA platform integration)
2024-08-03T18:40:25.365+05:30  INFO 8340 --- [networkticketingapplicationproject] [restartedMain] j.LocalContainerEntityManagerFactoryBean : Initialized JPA EntityManagerFactory for persistence unit 'default'
2024-08-03T18:40:25.850+05:30  INFO 8340 --- [networkticketingapplicationproject] [restartedMain] o.s.d.j.r.query.QueryEnhancerFactory     : Hibernate is in classpath; If applicable, HQL parser will be used.
2024-08-03T18:40:25.927+05:30  INFO 8340 --- [networkticketingapplicationproject] [restartedMain] eAuthenticationProviderManagerConfigurer : Global AuthenticationManager configured with AuthenticationProvider bean with name authenticationProvider
2024-08-03T18:40:25.929+05:30  WARN 8340 --- [networkticketingapplicationproject] [restartedMain] r$InitializeUserDetailsManagerConfigurer : Global AuthenticationManager configured with an AuthenticationProvider bean. UserDetailsService beans will not be used for username/password login. Consider removing the AuthenticationProvider bean. Alternatively, consider using the UserDetailsService in a manually instantiated DaoAuthenticationProvider.
2024-08-03T18:40:26.093+05:30  WARN 8340 --- [networkticketingapplicationproject] [restartedMain] JpaBaseConfiguration$JpaWebConfiguration : spring.jpa.open-in-view is enabled by default. Therefore, database queries may be performed during view rendering. Explicitly configure spring.jpa.open-in-view to disable this warning
2024-08-03T18:40:26.459+05:30  INFO 8340 --- [networkticketingapplicationproject] [restartedMain] o.s.s.web.DefaultSecurityFilterChain     : Will secure any request with [org.springframework.security.web.session.DisableEncodeUrlFilter@f6a3306, org.springframework.security.web.context.request.async.WebAsyncManagerIntegrationFilter@7f12735, org.springframework.security.web.context.SecurityContextHolderFilter@7a9fe8e1, org.springframework.security.web.header.HeaderWriterFilter@7080a705, org.springframework.web.filter.CorsFilter@64c4ca1e, org.springframework.security.web.authentication.logout.LogoutFilter@6fd9b10e, com.prodapt.networkticketingapplicationproject.security.jwt.AuthTokenFilter@b977b16, org.springframework.security.web.savedrequest.RequestCacheAwareFilter@3a3e37d8, org.springframework.security.web.servletapi.SecurityContextHolderAwareRequestFilter@e2731f8, org.springframework.security.web.authentication.AnonymousAuthenticationFilter@5db3822b, org.springframework.security.web.session.SessionManagementFilter@15f9504e, org.springframework.security.web.access.ExceptionTranslationFilter@7b09bbf7, org.springframework.security.web.access.intercept.AuthorizationFilter@2a14658]
2024-08-03T18:40:26.794+05:30  INFO 8340 --- [networkticketingapplicationproject] [restartedMain] o.s.b.d.a.OptionalLiveReloadServer       : LiveReload server is running on port 35729
2024-08-03T18:40:26.847+05:30  INFO 8340 --- [networkticketingapplicationproject] [restartedMain] o.s.b.w.embedded.tomcat.TomcatWebServer  : Tomcat started on port 9090 (http) with context path '/'
2024-08-03T18:40:26.857+05:30  INFO 8340 --- [networkticketingapplicationproject] [restartedMain] rkticketingapplicationprojectApplication : Started NetworkticketingapplicationprojectApplication in 7.265 seconds (process running for 9.468)
2024-08-03T18:42:32.249+05:30  INFO 8340 --- [networkticketingapplicationproject] [http-nio-9090-exec-1] o.a.c.c.C.[Tomcat].[localhost].[/]       : Initializing Spring DispatcherServlet 'dispatcherServlet'
2024-08-03T18:42:32.249+05:30  INFO 8340 --- [networkticketingapplicationproject] [http-nio-9090-exec-1] o.s.web.servlet.DispatcherServlet        : Initializing Servlet 'dispatcherServlet'
2024-08-03T18:42:32.249+05:30  INFO 8340 --- [networkticketingapplicationproject] [http-nio-9090-exec-1] o.s.web.servlet.DispatcherServlet        : Completed initialization in 0 ms
2024-08-03T18:42:32.703+05:30  INFO 8340 --- [networkticketingapplicationproject] [http-nio-9090-exec-2] c.p.n.controller.AuthController          : User Signin
2024-08-03T18:42:45.894+05:30  INFO 8340 --- [networkticketingapplicationproject] [http-nio-9090-exec-6] c.p.n.controller.AdminController         : Role Updated Successfully
2024-08-03T18:43:09.778+05:30  INFO 8340 --- [networkticketingapplicationproject] [http-nio-9090-exec-3] c.p.n.controller.AuthController          : User Signin
2024-08-03T18:43:23.779+05:30  INFO 8340 --- [networkticketingapplicationproject] [http-nio-9090-exec-5] c.p.n.controller.AdminController         : Role Updated Successfully
2024-08-03T18:43:32.646+05:30  INFO 8340 --- [networkticketingapplicationproject] [http-nio-9090-exec-7] c.p.n.controller.AdminController         : Role Updated Successfully
2024-08-03T18:43:44.803+05:30  INFO 8340 --- [networkticketingapplicationproject] [http-nio-9090-exec-10] c.p.n.controller.AuthController          : User Signin
2024-08-03T18:43:49.790+05:30  INFO 8340 --- [networkticketingapplicationproject] [http-nio-9090-exec-2] c.p.n.controller.AdminController         : getall
2024-08-03T18:47:03.302+05:30  INFO 8340 --- [networkticketingapplicationproject] [http-nio-9090-exec-10] c.p.n.controller.AdminController         : getall
