2024-06-18T10:12:23.910+05:30  WARN 22744 --- [networkticketingapplicationproject] [HikariPool-1 housekeeper] com.zaxxer.hikari.pool.HikariPool        : HikariPool-1 - Thread starvation or clock leap detected (housekeeper delta=12h30m42s105ms730µs600ns).
2024-06-18T10:14:14.173+05:30  INFO 22744 --- [networkticketingapplicationproject] [http-nio-9090-exec-2] c.p.n.controller.AuthController          : User Signin
2024-06-18T10:14:16.032+05:30  WARN 22744 --- [networkticketingapplicationproject] [http-nio-9090-exec-4] .m.m.a.ExceptionHandlerExceptionResolver : Resolved [com.prodapt.networkticketingapplicationproject.exceptions.TicketNotFoundException: Ticket Not Found]
2024-06-18T10:14:17.603+05:30  INFO 22744 --- [networkticketingapplicationproject] [http-nio-9090-exec-6] c.p.n.c.AvailabeITSupportController      : routine
2024-06-18T10:39:18.263+05:30  WARN 22744 --- [networkticketingapplicationproject] [http-nio-9090-exec-8] .m.m.a.ExceptionHandlerExceptionResolver : Resolved [com.prodapt.networkticketingapplicationproject.exceptions.TicketNotFoundException: Ticket Not Found]
2024-06-18T10:40:55.829+05:30  INFO 22744 --- [networkticketingapplicationproject] [http-nio-9090-exec-10] c.p.n.controller.AuthController          : User Signin
2024-06-18T10:40:57.498+05:30  INFO 22744 --- [networkticketingapplicationproject] [http-nio-9090-exec-1] c.p.n.c.AvailabeITSupportController      : routine
2024-06-18T10:42:32.581+05:30  WARN 22744 --- [networkticketingapplicationproject] [http-nio-9090-exec-3] .m.m.a.ExceptionHandlerExceptionResolver : Resolved [com.prodapt.networkticketingapplicationproject.exceptions.TicketNotFoundException: Ticket Not Found]
2024-06-18T10:42:39.233+05:30  WARN 22744 --- [networkticketingapplicationproject] [http-nio-9090-exec-4] .m.m.a.ExceptionHandlerExceptionResolver : Resolved [com.prodapt.networkticketingapplicationproject.exceptions.TicketNotFoundException: Ticket Not Found]
2024-06-18T10:42:41.746+05:30  WARN 22744 --- [networkticketingapplicationproject] [http-nio-9090-exec-5] .m.m.a.ExceptionHandlerExceptionResolver : Resolved [com.prodapt.networkticketingapplicationproject.exceptions.TicketNotFoundException: Ticket Not Found]
2024-06-18T10:42:53.544+05:30  INFO 22744 --- [networkticketingapplicationproject] [http-nio-9090-exec-6] c.p.n.controller.AuthController          : User Signin
2024-06-18T10:42:55.710+05:30  WARN 22744 --- [networkticketingapplicationproject] [http-nio-9090-exec-7] .m.m.a.ExceptionHandlerExceptionResolver : Resolved [com.prodapt.networkticketingapplicationproject.exceptions.TicketNotFoundException: Ticket Not Found]
2024-06-18T10:42:57.341+05:30  INFO 22744 --- [networkticketingapplicationproject] [http-nio-9090-exec-8] c.p.n.c.AvailabeITSupportController      : routine
2024-06-18T10:43:39.451+05:30  WARN 22744 --- [networkticketingapplicationproject] [http-nio-9090-exec-9] .m.m.a.ExceptionHandlerExceptionResolver : Resolved [com.prodapt.networkticketingapplicationproject.exceptions.TicketNotFoundException: Ticket Not Found]
2024-06-18T10:43:40.935+05:30  WARN 22744 --- [networkticketingapplicationproject] [http-nio-9090-exec-10] .m.m.a.ExceptionHandlerExceptionResolver : Resolved [com.prodapt.networkticketingapplicationproject.exceptions.TicketNotFoundException: Ticket Not Found]
2024-06-18T10:43:48.496+05:30  INFO 22744 --- [networkticketingapplicationproject] [http-nio-9090-exec-1] c.p.n.controller.AuthController          : User Signin
2024-06-18T10:43:50.750+05:30  WARN 22744 --- [networkticketingapplicationproject] [http-nio-9090-exec-3] .m.m.a.ExceptionHandlerExceptionResolver : Resolved [com.prodapt.networkticketingapplicationproject.exceptions.TicketNotFoundException: Ticket Not Found]
2024-06-18T10:43:51.692+05:30  WARN 22744 --- [networkticketingapplicationproject] [http-nio-9090-exec-5] .m.m.a.ExceptionHandlerExceptionResolver : Resolved [com.prodapt.networkticketingapplicationproject.exceptions.TicketNotFoundException: Ticket Not Found]
2024-06-18T10:45:12.947+05:30  INFO 22744 --- [networkticketingapplicationproject] [http-nio-9090-exec-7] c.p.n.controller.AuthController          : User Signin
2024-06-18T10:45:14.536+05:30  WARN 22744 --- [networkticketingapplicationproject] [http-nio-9090-exec-8] .m.m.a.ExceptionHandlerExceptionResolver : Resolved [com.prodapt.networkticketingapplicationproject.exceptions.TicketNotFoundException: Ticket Not Found]
2024-06-18T10:45:15.473+05:30  INFO 22744 --- [networkticketingapplicationproject] [http-nio-9090-exec-9] c.p.n.c.AvailabeITSupportController      : routine
2024-06-18T10:45:49.417+05:30  INFO 22744 --- [networkticketingapplicationproject] [http-nio-9090-exec-10] c.p.n.c.AvailabeITSupportController      : routine
2024-06-18T10:45:50.601+05:30  INFO 22744 --- [networkticketingapplicationproject] [http-nio-9090-exec-1] c.p.n.c.AvailabeITSupportController      : minor
2024-06-18T10:45:52.301+05:30  INFO 22744 --- [networkticketingapplicationproject] [http-nio-9090-exec-2] c.p.n.c.AvailabeITSupportController      : routine
2024-06-18T10:45:59.045+05:30  INFO 22744 --- [networkticketingapplicationproject] [http-nio-9090-exec-3] c.p.n.controller.AuthController          : User Signin
2024-06-18T10:46:00.477+05:30  INFO 22744 --- [networkticketingapplicationproject] [http-nio-9090-exec-4] c.p.n.c.CapableITSupportController       : noturgentbutcritical
2024-06-18T10:46:01.596+05:30  INFO 22744 --- [networkticketingapplicationproject] [http-nio-9090-exec-5] c.p.n.c.CapableITSupportController       : urgentbutnotsevere
2024-06-18T10:46:09.209+05:30  INFO 22744 --- [networkticketingapplicationproject] [http-nio-9090-exec-6] c.p.n.controller.AuthController          : User Signin
2024-06-18T10:46:11.241+05:30  INFO 22744 --- [networkticketingapplicationproject] [http-nio-9090-exec-8] c.p.n.c.SpecialistITSupportController    : critical
