2024-07-30T09:55:41.745+05:30  INFO 23452 --- [networkticketingapplicationproject] [main] ketingapplicationprojectApplicationTests : Starting NetworkticketingapplicationprojectApplicationTests using Java 17.0.10 with PID 23452 (started by prasannakumar.d in D:\nta\nta\backend)
2024-07-30T09:55:41.755+05:30  INFO 23452 --- [networkticketingapplicationproject] [main] ketingapplicationprojectApplicationTests : No active profile set, falling back to 1 default profile: "default"
2024-07-30T09:55:43.996+05:30  INFO 23452 --- [networkticketingapplicationproject] [main] .s.d.r.c.RepositoryConfigurationDelegate : Bootstrapping Spring Data JPA repositories in DEFAULT mode.
2024-07-30T09:55:44.129+05:30  INFO 23452 --- [networkticketingapplicationproject] [main] .s.d.r.c.RepositoryConfigurationDelegate : Finished Spring Data repository scanning in 115 ms. Found 3 JPA repository interfaces.
2024-07-30T09:55:45.088+05:30  INFO 23452 --- [networkticketingapplicationproject] [main] o.hibernate.jpa.internal.util.LogHelper  : HHH000204: Processing PersistenceUnitInfo [name: default]
2024-07-30T09:55:45.272+05:30  INFO 23452 --- [networkticketingapplicationproject] [main] org.hibernate.Version                    : HHH000412: Hibernate ORM core version 6.5.2.Final
2024-07-30T09:55:45.354+05:30  INFO 23452 --- [networkticketingapplicationproject] [main] o.h.c.internal.RegionFactoryInitiator    : HHH000026: Second-level cache disabled
2024-07-30T09:55:45.636+05:30  INFO 23452 --- [networkticketingapplicationproject] [main] o.s.o.j.p.SpringPersistenceUnitInfo      : No LoadTimeWeaver setup: ignoring JPA class transformer
2024-07-30T09:55:45.699+05:30  INFO 23452 --- [networkticketingapplicationproject] [main] com.zaxxer.hikari.HikariDataSource       : HikariPool-1 - Starting...
2024-07-30T09:55:46.520+05:30  INFO 23452 --- [networkticketingapplicationproject] [main] com.zaxxer.hikari.pool.HikariPool        : HikariPool-1 - Added connection com.mysql.cj.jdbc.ConnectionImpl@38f0bba
2024-07-30T09:55:46.524+05:30  INFO 23452 --- [networkticketingapplicationproject] [main] com.zaxxer.hikari.HikariDataSource       : HikariPool-1 - Start completed.
2024-07-30T09:55:46.671+05:30  WARN 23452 --- [networkticketingapplicationproject] [main] org.hibernate.orm.deprecation            : HHH90000025: MySQLDialect does not need to be specified explicitly using 'hibernate.dialect' (remove the property setting and it will be selected by default)
2024-07-30T09:55:48.349+05:30  INFO 23452 --- [networkticketingapplicationproject] [main] o.h.e.t.j.p.i.JtaPlatformInitiator       : HHH000489: No JTA platform available (set 'hibernate.transaction.jta.platform' to enable JTA platform integration)
2024-07-30T09:55:48.582+05:30  INFO 23452 --- [networkticketingapplicationproject] [main] j.LocalContainerEntityManagerFactoryBean : Initialized JPA EntityManagerFactory for persistence unit 'default'
2024-07-30T09:55:49.204+05:30  INFO 23452 --- [networkticketingapplicationproject] [main] o.s.d.j.r.query.QueryEnhancerFactory     : Hibernate is in classpath; If applicable, HQL parser will be used.
2024-07-30T09:55:49.350+05:30  INFO 23452 --- [networkticketingapplicationproject] [main] eAuthenticationProviderManagerConfigurer : Global AuthenticationManager configured with AuthenticationProvider bean with name authenticationProvider
2024-07-30T09:55:49.351+05:30  WARN 23452 --- [networkticketingapplicationproject] [main] r$InitializeUserDetailsManagerConfigurer : Global AuthenticationManager configured with an AuthenticationProvider bean. UserDetailsService beans will not be used for username/password login. Consider removing the AuthenticationProvider bean. Alternatively, consider using the UserDetailsService in a manually instantiated DaoAuthenticationProvider.
2024-07-30T09:55:49.549+05:30  WARN 23452 --- [networkticketingapplicationproject] [main] JpaBaseConfiguration$JpaWebConfiguration : spring.jpa.open-in-view is enabled by default. Therefore, database queries may be performed during view rendering. Explicitly configure spring.jpa.open-in-view to disable this warning
2024-07-30T09:55:50.072+05:30  INFO 23452 --- [networkticketingapplicationproject] [main] o.s.s.web.DefaultSecurityFilterChain     : Will secure any request with [org.springframework.security.web.session.DisableEncodeUrlFilter@3c7941c8, org.springframework.security.web.context.request.async.WebAsyncManagerIntegrationFilter@63c6a639, org.springframework.security.web.context.SecurityContextHolderFilter@78d9f50f, org.springframework.security.web.header.HeaderWriterFilter@4b3ead45, org.springframework.web.filter.CorsFilter@66871f61, org.springframework.security.web.authentication.logout.LogoutFilter@216b8aa8, com.prodapt.networkticketingapplicationproject.security.jwt.AuthTokenFilter@4c14e4c3, org.springframework.security.web.savedrequest.RequestCacheAwareFilter@70164894, org.springframework.security.web.servletapi.SecurityContextHolderAwareRequestFilter@42f183d1, org.springframework.security.web.authentication.AnonymousAuthenticationFilter@7722f86d, org.springframework.security.web.session.SessionManagementFilter@5ebc0bf5, org.springframework.security.web.access.ExceptionTranslationFilter@7b451ab4, org.springframework.security.web.access.intercept.AuthorizationFilter@568a79d1]
2024-07-30T09:55:50.653+05:30  INFO 23452 --- [networkticketingapplicationproject] [main] ketingapplicationprojectApplicationTests : Started NetworkticketingapplicationprojectApplicationTests in 9.786 seconds (process running for 16.511)
2024-07-30T09:55:51.293+05:30  INFO 23452 --- [networkticketingapplicationproject] [SpringApplicationShutdownHook] j.LocalContainerEntityManagerFactoryBean : Closing JPA EntityManagerFactory for persistence unit 'default'
2024-07-30T09:55:51.308+05:30  INFO 23452 --- [networkticketingapplicationproject] [SpringApplicationShutdownHook] com.zaxxer.hikari.HikariDataSource       : HikariPool-1 - Shutdown initiated...
2024-07-30T09:55:51.337+05:30  INFO 23452 --- [networkticketingapplicationproject] [SpringApplicationShutdownHook] com.zaxxer.hikari.HikariDataSource       : HikariPool-1 - Shutdown completed.
2024-07-30T10:03:47.670+05:30  INFO 26508 --- [networkticketingapplicationproject] [restartedMain] rkticketingapplicationprojectApplication : Starting NetworkticketingapplicationprojectApplication using Java 17.0.10 with PID 26508 (D:\nta\nta\backend\target\classes started by prasannakumar.d in D:\nta\nta\backend)
2024-07-30T10:03:47.673+05:30  INFO 26508 --- [networkticketingapplicationproject] [restartedMain] rkticketingapplicationprojectApplication : No active profile set, falling back to 1 default profile: "default"
2024-07-30T10:03:47.731+05:30  INFO 26508 --- [networkticketingapplicationproject] [restartedMain] .e.DevToolsPropertyDefaultsPostProcessor : Devtools property defaults active! Set 'spring.devtools.add-properties' to 'false' to disable
2024-07-30T10:03:47.731+05:30  INFO 26508 --- [networkticketingapplicationproject] [restartedMain] .e.DevToolsPropertyDefaultsPostProcessor : For additional web related logging consider setting the 'logging.level.web' property to 'DEBUG'
2024-07-30T10:03:48.712+05:30  INFO 26508 --- [networkticketingapplicationproject] [restartedMain] .s.d.r.c.RepositoryConfigurationDelegate : Bootstrapping Spring Data JPA repositories in DEFAULT mode.
2024-07-30T10:03:48.849+05:30  INFO 26508 --- [networkticketingapplicationproject] [restartedMain] .s.d.r.c.RepositoryConfigurationDelegate : Finished Spring Data repository scanning in 127 ms. Found 3 JPA repository interfaces.
2024-07-30T10:03:49.764+05:30  INFO 26508 --- [networkticketingapplicationproject] [restartedMain] o.s.b.w.embedded.tomcat.TomcatWebServer  : Tomcat initialized with port 9090 (http)
2024-07-30T10:03:49.775+05:30  INFO 26508 --- [networkticketingapplicationproject] [restartedMain] o.apache.catalina.core.StandardService   : Starting service [Tomcat]
2024-07-30T10:03:49.775+05:30  INFO 26508 --- [networkticketingapplicationproject] [restartedMain] o.apache.catalina.core.StandardEngine    : Starting Servlet engine: [Apache Tomcat/10.1.24]
2024-07-30T10:03:49.841+05:30  INFO 26508 --- [networkticketingapplicationproject] [restartedMain] o.a.c.c.C.[Tomcat].[localhost].[/]       : Initializing Spring embedded WebApplicationContext
2024-07-30T10:03:49.842+05:30  INFO 26508 --- [networkticketingapplicationproject] [restartedMain] w.s.c.ServletWebServerApplicationContext : Root WebApplicationContext: initialization completed in 2110 ms
2024-07-30T10:03:49.979+05:30  INFO 26508 --- [networkticketingapplicationproject] [restartedMain] o.hibernate.jpa.internal.util.LogHelper  : HHH000204: Processing PersistenceUnitInfo [name: default]
2024-07-30T10:03:50.041+05:30  INFO 26508 --- [networkticketingapplicationproject] [restartedMain] org.hibernate.Version                    : HHH000412: Hibernate ORM core version 6.5.2.Final
2024-07-30T10:03:50.074+05:30  INFO 26508 --- [networkticketingapplicationproject] [restartedMain] o.h.c.internal.RegionFactoryInitiator    : HHH000026: Second-level cache disabled
2024-07-30T10:03:50.395+05:30  INFO 26508 --- [networkticketingapplicationproject] [restartedMain] o.s.o.j.p.SpringPersistenceUnitInfo      : No LoadTimeWeaver setup: ignoring JPA class transformer
2024-07-30T10:03:50.425+05:30  INFO 26508 --- [networkticketingapplicationproject] [restartedMain] com.zaxxer.hikari.HikariDataSource       : HikariPool-1 - Starting...
2024-07-30T10:03:50.729+05:30  INFO 26508 --- [networkticketingapplicationproject] [restartedMain] com.zaxxer.hikari.pool.HikariPool        : HikariPool-1 - Added connection com.mysql.cj.jdbc.ConnectionImpl@381b13da
2024-07-30T10:03:50.732+05:30  INFO 26508 --- [networkticketingapplicationproject] [restartedMain] com.zaxxer.hikari.HikariDataSource       : HikariPool-1 - Start completed.
2024-07-30T10:03:50.793+05:30  WARN 26508 --- [networkticketingapplicationproject] [restartedMain] org.hibernate.orm.deprecation            : HHH90000025: MySQLDialect does not need to be specified explicitly using 'hibernate.dialect' (remove the property setting and it will be selected by default)
2024-07-30T10:03:51.803+05:30  INFO 26508 --- [networkticketingapplicationproject] [restartedMain] o.h.e.t.j.p.i.JtaPlatformInitiator       : HHH000489: No JTA platform available (set 'hibernate.transaction.jta.platform' to enable JTA platform integration)
2024-07-30T10:03:51.910+05:30  INFO 26508 --- [networkticketingapplicationproject] [restartedMain] j.LocalContainerEntityManagerFactoryBean : Initialized JPA EntityManagerFactory for persistence unit 'default'
2024-07-30T10:03:52.261+05:30  INFO 26508 --- [networkticketingapplicationproject] [restartedMain] o.s.d.j.r.query.QueryEnhancerFactory     : Hibernate is in classpath; If applicable, HQL parser will be used.
2024-07-30T10:03:52.320+05:30  INFO 26508 --- [networkticketingapplicationproject] [restartedMain] eAuthenticationProviderManagerConfigurer : Global AuthenticationManager configured with AuthenticationProvider bean with name authenticationProvider
2024-07-30T10:03:52.321+05:30  WARN 26508 --- [networkticketingapplicationproject] [restartedMain] r$InitializeUserDetailsManagerConfigurer : Global AuthenticationManager configured with an AuthenticationProvider bean. UserDetailsService beans will not be used for username/password login. Consider removing the AuthenticationProvider bean. Alternatively, consider using the UserDetailsService in a manually instantiated DaoAuthenticationProvider.
2024-07-30T10:03:52.434+05:30  WARN 26508 --- [networkticketingapplicationproject] [restartedMain] JpaBaseConfiguration$JpaWebConfiguration : spring.jpa.open-in-view is enabled by default. Therefore, database queries may be performed during view rendering. Explicitly configure spring.jpa.open-in-view to disable this warning
2024-07-30T10:03:52.702+05:30  INFO 26508 --- [networkticketingapplicationproject] [restartedMain] o.s.s.web.DefaultSecurityFilterChain     : Will secure any request with [org.springframework.security.web.session.DisableEncodeUrlFilter@a4794b, org.springframework.security.web.context.request.async.WebAsyncManagerIntegrationFilter@77a66a7a, org.springframework.security.web.context.SecurityContextHolderFilter@71edd5e4, org.springframework.security.web.header.HeaderWriterFilter@de2c30f, org.springframework.web.filter.CorsFilter@6ef8f74b, org.springframework.security.web.authentication.logout.LogoutFilter@3b582b15, com.prodapt.networkticketingapplicationproject.security.jwt.AuthTokenFilter@2111ff7, org.springframework.security.web.savedrequest.RequestCacheAwareFilter@109d94ab, org.springframework.security.web.servletapi.SecurityContextHolderAwareRequestFilter@15f9504e, org.springframework.security.web.authentication.AnonymousAuthenticationFilter@735c4ec7, org.springframework.security.web.session.SessionManagementFilter@1901a51f, org.springframework.security.web.access.ExceptionTranslationFilter@7a1554dc, org.springframework.security.web.access.intercept.AuthorizationFilter@6c836ed3]
2024-07-30T10:03:52.938+05:30  INFO 26508 --- [networkticketingapplicationproject] [restartedMain] o.s.b.d.a.OptionalLiveReloadServer       : LiveReload server is running on port 35729
2024-07-30T10:03:52.990+05:30  INFO 26508 --- [networkticketingapplicationproject] [restartedMain] o.s.b.w.embedded.tomcat.TomcatWebServer  : Tomcat started on port 9090 (http) with context path '/'
2024-07-30T10:03:53.000+05:30  INFO 26508 --- [networkticketingapplicationproject] [restartedMain] rkticketingapplicationprojectApplication : Started NetworkticketingapplicationprojectApplication in 5.865 seconds (process running for 7.111)
2024-07-30T10:25:14.006+05:30  WARN 26508 --- [networkticketingapplicationproject] [HikariPool-1 housekeeper] com.zaxxer.hikari.pool.HikariPool        : HikariPool-1 - Thread starvation or clock leap detected (housekeeper delta=20m23s150ms647µs900ns).
2024-07-30T12:24:32.087+05:30  WARN 26508 --- [networkticketingapplicationproject] [HikariPool-1 housekeeper] com.zaxxer.hikari.pool.HikariPool        : HikariPool-1 - Thread starvation or clock leap detected (housekeeper delta=9m16s320ms935µs800ns).
2024-07-30T14:58:45.935+05:30  WARN 26508 --- [networkticketingapplicationproject] [HikariPool-1 housekeeper] com.zaxxer.hikari.pool.HikariPool        : HikariPool-1 - Thread starvation or clock leap detected (housekeeper delta=2h24m12s494ms512µs900ns).
