2024-06-14T10:33:24.950+05:30  INFO 14708 --- [networkticketingapplicationproject] [restartedMain] rkticketingapplicationprojectApplication : Starting NetworkticketingapplicationprojectApplication using Java 17.0.10 with PID 14708 (D:\nta\nta\backend\target\classes started by prasannakumar.d in D:\nta\nta\backend)
2024-06-14T10:33:24.963+05:30  INFO 14708 --- [networkticketingapplicationproject] [restartedMain] rkticketingapplicationprojectApplication : No active profile set, falling back to 1 default profile: "default"
2024-06-14T10:33:25.028+05:30  INFO 14708 --- [networkticketingapplicationproject] [restartedMain] .e.DevToolsPropertyDefaultsPostProcessor : Devtools property defaults active! Set 'spring.devtools.add-properties' to 'false' to disable
2024-06-14T10:33:25.029+05:30  INFO 14708 --- [networkticketingapplicationproject] [restartedMain] .e.DevToolsPropertyDefaultsPostProcessor : For additional web related logging consider setting the 'logging.level.web' property to 'DEBUG'
2024-06-14T10:33:25.788+05:30  INFO 14708 --- [networkticketingapplicationproject] [restartedMain] .s.d.r.c.RepositoryConfigurationDelegate : Bootstrapping Spring Data JPA repositories in DEFAULT mode.
2024-06-14T10:33:25.872+05:30  INFO 14708 --- [networkticketingapplicationproject] [restartedMain] .s.d.r.c.RepositoryConfigurationDelegate : Finished Spring Data repository scanning in 75 ms. Found 3 JPA repository interfaces.
2024-06-14T10:33:26.354+05:30  INFO 14708 --- [networkticketingapplicationproject] [restartedMain] o.s.b.w.embedded.tomcat.TomcatWebServer  : Tomcat initialized with port 9090 (http)
2024-06-14T10:33:26.365+05:30  INFO 14708 --- [networkticketingapplicationproject] [restartedMain] o.apache.catalina.core.StandardService   : Starting service [Tomcat]
2024-06-14T10:33:26.365+05:30  INFO 14708 --- [networkticketingapplicationproject] [restartedMain] o.apache.catalina.core.StandardEngine    : Starting Servlet engine: [Apache Tomcat/10.1.24]
2024-06-14T10:33:26.426+05:30  INFO 14708 --- [networkticketingapplicationproject] [restartedMain] o.a.c.c.C.[Tomcat].[localhost].[/]       : Initializing Spring embedded WebApplicationContext
2024-06-14T10:33:26.426+05:30  INFO 14708 --- [networkticketingapplicationproject] [restartedMain] w.s.c.ServletWebServerApplicationContext : Root WebApplicationContext: initialization completed in 1397 ms
2024-06-14T10:33:26.540+05:30  INFO 14708 --- [networkticketingapplicationproject] [restartedMain] o.hibernate.jpa.internal.util.LogHelper  : HHH000204: Processing PersistenceUnitInfo [name: default]
2024-06-14T10:33:26.611+05:30  INFO 14708 --- [networkticketingapplicationproject] [restartedMain] org.hibernate.Version                    : HHH000412: Hibernate ORM core version 6.5.2.Final
2024-06-14T10:33:26.653+05:30  INFO 14708 --- [networkticketingapplicationproject] [restartedMain] o.h.c.internal.RegionFactoryInitiator    : HHH000026: Second-level cache disabled
2024-06-14T10:33:26.962+05:30  INFO 14708 --- [networkticketingapplicationproject] [restartedMain] o.s.o.j.p.SpringPersistenceUnitInfo      : No LoadTimeWeaver setup: ignoring JPA class transformer
2024-06-14T10:33:26.990+05:30  INFO 14708 --- [networkticketingapplicationproject] [restartedMain] com.zaxxer.hikari.HikariDataSource       : HikariPool-1 - Starting...
2024-06-14T10:33:27.320+05:30  INFO 14708 --- [networkticketingapplicationproject] [restartedMain] com.zaxxer.hikari.pool.HikariPool        : HikariPool-1 - Added connection com.mysql.cj.jdbc.ConnectionImpl@8e6207a
2024-06-14T10:33:27.324+05:30  INFO 14708 --- [networkticketingapplicationproject] [restartedMain] com.zaxxer.hikari.HikariDataSource       : HikariPool-1 - Start completed.
2024-06-14T10:33:27.400+05:30  WARN 14708 --- [networkticketingapplicationproject] [restartedMain] org.hibernate.orm.deprecation            : HHH90000025: MySQLDialect does not need to be specified explicitly using 'hibernate.dialect' (remove the property setting and it will be selected by default)
2024-06-14T10:33:28.189+05:30  INFO 14708 --- [networkticketingapplicationproject] [restartedMain] o.h.e.t.j.p.i.JtaPlatformInitiator       : HHH000489: No JTA platform available (set 'hibernate.transaction.jta.platform' to enable JTA platform integration)
2024-06-14T10:33:28.284+05:30  INFO 14708 --- [networkticketingapplicationproject] [restartedMain] j.LocalContainerEntityManagerFactoryBean : Initialized JPA EntityManagerFactory for persistence unit 'default'
2024-06-14T10:33:28.633+05:30  INFO 14708 --- [networkticketingapplicationproject] [restartedMain] eAuthenticationProviderManagerConfigurer : Global AuthenticationManager configured with AuthenticationProvider bean with name authenticationProvider
2024-06-14T10:33:28.634+05:30  WARN 14708 --- [networkticketingapplicationproject] [restartedMain] r$InitializeUserDetailsManagerConfigurer : Global AuthenticationManager configured with an AuthenticationProvider bean. UserDetailsService beans will not be used for username/password login. Consider removing the AuthenticationProvider bean. Alternatively, consider using the UserDetailsService in a manually instantiated DaoAuthenticationProvider.
2024-06-14T10:33:28.731+05:30  WARN 14708 --- [networkticketingapplicationproject] [restartedMain] JpaBaseConfiguration$JpaWebConfiguration : spring.jpa.open-in-view is enabled by default. Therefore, database queries may be performed during view rendering. Explicitly configure spring.jpa.open-in-view to disable this warning
2024-06-14T10:33:28.975+05:30  INFO 14708 --- [networkticketingapplicationproject] [restartedMain] o.s.s.web.DefaultSecurityFilterChain     : Will secure any request with [org.springframework.security.web.session.DisableEncodeUrlFilter@404ae4dc, org.springframework.security.web.context.request.async.WebAsyncManagerIntegrationFilter@21808e6b, org.springframework.security.web.context.SecurityContextHolderFilter@efad131, org.springframework.security.web.header.HeaderWriterFilter@398ce459, org.springframework.web.filter.CorsFilter@57dbfed7, org.springframework.security.web.authentication.logout.LogoutFilter@69c18638, com.prodapt.networkticketingapplicationproject.security.jwt.AuthTokenFilter@1a184f65, org.springframework.security.web.savedrequest.RequestCacheAwareFilter@6696db63, org.springframework.security.web.servletapi.SecurityContextHolderAwareRequestFilter@757baaeb, org.springframework.security.web.authentication.AnonymousAuthenticationFilter@9ef1fdf, org.springframework.security.web.session.SessionManagementFilter@49893f20, org.springframework.security.web.access.ExceptionTranslationFilter@53019623, org.springframework.security.web.access.intercept.AuthorizationFilter@62207177]
2024-06-14T10:33:29.209+05:30  INFO 14708 --- [networkticketingapplicationproject] [restartedMain] o.s.b.d.a.OptionalLiveReloadServer       : LiveReload server is running on port 35729
2024-06-14T10:33:29.267+05:30  INFO 14708 --- [networkticketingapplicationproject] [restartedMain] o.s.b.w.embedded.tomcat.TomcatWebServer  : Tomcat started on port 9090 (http) with context path '/'
2024-06-14T10:33:29.278+05:30  INFO 14708 --- [networkticketingapplicationproject] [restartedMain] rkticketingapplicationprojectApplication : Started NetworkticketingapplicationprojectApplication in 4.856 seconds (process running for 6.211)
2024-06-14T10:33:58.325+05:30  INFO 14708 --- [networkticketingapplicationproject] [http-nio-9090-exec-1] o.a.c.c.C.[Tomcat].[localhost].[/]       : Initializing Spring DispatcherServlet 'dispatcherServlet'
2024-06-14T10:33:58.326+05:30  INFO 14708 --- [networkticketingapplicationproject] [http-nio-9090-exec-1] o.s.web.servlet.DispatcherServlet        : Initializing Servlet 'dispatcherServlet'
2024-06-14T10:33:58.330+05:30  INFO 14708 --- [networkticketingapplicationproject] [http-nio-9090-exec-1] o.s.web.servlet.DispatcherServlet        : Completed initialization in 4 ms
2024-06-14T10:34:12.466+05:30  INFO 14708 --- [networkticketingapplicationproject] [http-nio-9090-exec-3] c.p.n.controller.AuthController          : User Signin
2024-06-14T10:34:18.081+05:30  WARN 14708 --- [networkticketingapplicationproject] [http-nio-9090-exec-5] .m.m.a.ExceptionHandlerExceptionResolver : Resolved [com.prodapt.networkticketingapplicationproject.exceptions.TicketNotFoundException: Ticket Not Found]
2024-06-14T10:34:23.645+05:30  INFO 14708 --- [networkticketingapplicationproject] [http-nio-9090-exec-7] c.p.n.c.AvailabeITSupportController      : routine
2024-06-14T10:34:25.563+05:30  WARN 14708 --- [networkticketingapplicationproject] [http-nio-9090-exec-8] .m.m.a.ExceptionHandlerExceptionResolver : Resolved [com.prodapt.networkticketingapplicationproject.exceptions.TicketNotFoundException: Ticket Not Found]
2024-06-14T10:34:27.623+05:30  WARN 14708 --- [networkticketingapplicationproject] [http-nio-9090-exec-9] .m.m.a.ExceptionHandlerExceptionResolver : Resolved [com.prodapt.networkticketingapplicationproject.exceptions.TicketNotFoundException: Ticket Not Found]
2024-06-14T10:34:27.828+05:30  WARN 14708 --- [networkticketingapplicationproject] [http-nio-9090-exec-10] .m.m.a.ExceptionHandlerExceptionResolver : Resolved [com.prodapt.networkticketingapplicationproject.exceptions.TicketNotFoundException: Ticket Not Found]
2024-06-14T10:35:16.244+05:30  INFO 14708 --- [networkticketingapplicationproject] [http-nio-9090-exec-1] c.p.n.controller.AuthController          : User Signin
2024-06-14T10:35:18.573+05:30  INFO 14708 --- [networkticketingapplicationproject] [http-nio-9090-exec-3] c.p.n.controller.CustomerController      : getmytickets
2024-06-14T10:35:44.575+05:30  INFO 14708 --- [networkticketingapplicationproject] [http-nio-9090-exec-5] c.p.n.controller.CustomerController      : addticket
2024-06-14T10:35:45.747+05:30  INFO 14708 --- [networkticketingapplicationproject] [http-nio-9090-exec-6] c.p.n.controller.CustomerController      : getmytickets
2024-06-14T10:35:45.758+05:30  INFO 14708 --- [networkticketingapplicationproject] [http-nio-9090-exec-7] c.p.n.controller.CustomerController      : getmytickets
2024-06-14T10:35:55.842+05:30  INFO 14708 --- [networkticketingapplicationproject] [http-nio-9090-exec-8] c.p.n.controller.AuthController          : User Signin
2024-06-14T10:35:58.405+05:30  INFO 14708 --- [networkticketingapplicationproject] [http-nio-9090-exec-9] c.p.n.c.AvailabeITSupportController      : minor
2024-06-14T10:56:32.085+05:30  INFO 14708 --- [networkticketingapplicationproject] [http-nio-9090-exec-2] c.p.n.controller.AuthController          : User Signin
2024-06-14T11:23:16.002+05:30  WARN 14708 --- [networkticketingapplicationproject] [HikariPool-1 housekeeper] com.zaxxer.hikari.pool.HikariPool        : HikariPool-1 - Thread starvation or clock leap detected (housekeeper delta=23m18s127ms102µs200ns).
2024-06-14T12:18:09.125+05:30  INFO 14708 --- [networkticketingapplicationproject] [http-nio-9090-exec-4] c.p.n.controller.AuthController          : User Signin
2024-06-14T12:18:10.996+05:30  INFO 14708 --- [networkticketingapplicationproject] [http-nio-9090-exec-6] c.p.n.controller.CustomerController      : getmytickets
2024-06-14T12:19:29.656+05:30  INFO 14708 --- [networkticketingapplicationproject] [http-nio-9090-exec-8] c.p.n.controller.AuthController          : User Signin
2024-06-14T12:19:37.192+05:30  INFO 14708 --- [networkticketingapplicationproject] [http-nio-9090-exec-1] c.p.n.controller.AdminController         : getall
2024-06-14T12:27:39.310+05:30  INFO 14708 --- [networkticketingapplicationproject] [http-nio-9090-exec-4] c.p.n.controller.AuthController          : User Signin
2024-06-14T12:27:42.719+05:30  INFO 14708 --- [networkticketingapplicationproject] [http-nio-9090-exec-5] c.p.n.controller.CustomerController      : getmytickets
2024-06-14T12:27:47.664+05:30  INFO 14708 --- [networkticketingapplicationproject] [http-nio-9090-exec-7] c.p.n.controller.CustomerController      : getticket
2024-06-14T12:27:58.561+05:30  INFO 14708 --- [networkticketingapplicationproject] [http-nio-9090-exec-9] c.p.n.controller.CustomerController      : updateticket
2024-06-14T12:27:58.608+05:30  INFO 14708 --- [networkticketingapplicationproject] [http-nio-9090-exec-10] c.p.n.controller.CustomerController      : getmytickets
2024-06-14T12:28:10.476+05:30  INFO 14708 --- [networkticketingapplicationproject] [http-nio-9090-exec-1] c.p.n.controller.CustomerController      : getticket
2024-06-14T12:30:08.724+05:30  INFO 14708 --- [networkticketingapplicationproject] [http-nio-9090-exec-3] c.p.n.controller.CustomerController      : getmytickets
2024-06-14T12:30:17.966+05:30  INFO 14708 --- [networkticketingapplicationproject] [http-nio-9090-exec-4] c.p.n.controller.CustomerController      : getticket
2024-06-14T12:30:22.776+05:30  INFO 14708 --- [networkticketingapplicationproject] [http-nio-9090-exec-5] c.p.n.controller.CustomerController      : getticket
2024-06-14T12:30:22.887+05:30  INFO 14708 --- [networkticketingapplicationproject] [http-nio-9090-exec-6] c.p.n.controller.CustomerController      : getticket
2024-06-14T12:30:23.094+05:30  INFO 14708 --- [networkticketingapplicationproject] [http-nio-9090-exec-7] c.p.n.controller.CustomerController      : getticket
2024-06-14T12:32:16.852+05:30  INFO 14708 --- [networkticketingapplicationproject] [http-nio-9090-exec-9] c.p.n.controller.AuthController          : User Signin
2024-06-14T12:32:20.509+05:30  INFO 14708 --- [networkticketingapplicationproject] [http-nio-9090-exec-1] c.p.n.c.AvailabeITSupportController      : minor
2024-06-14T12:32:22.907+05:30  INFO 14708 --- [networkticketingapplicationproject] [http-nio-9090-exec-3] c.p.n.c.AvailabeITSupportController      : routine
2024-06-14T12:32:43.598+05:30  INFO 14708 --- [networkticketingapplicationproject] [http-nio-9090-exec-4] c.p.n.c.AvailabeITSupportController      : minor
2024-06-14T12:32:45.607+05:30  INFO 14708 --- [networkticketingapplicationproject] [http-nio-9090-exec-6] c.p.n.c.AvailabeITSupportController      : getticket
2024-06-14T12:32:52.548+05:30  INFO 14708 --- [networkticketingapplicationproject] [http-nio-9090-exec-7] c.p.n.c.AvailabeITSupportController      : routine
2024-06-14T12:32:55.347+05:30  INFO 14708 --- [networkticketingapplicationproject] [http-nio-9090-exec-8] c.p.n.c.AvailabeITSupportController      : getticket
2024-06-14T12:33:02.709+05:30  INFO 14708 --- [networkticketingapplicationproject] [http-nio-9090-exec-9] c.p.n.c.AvailabeITSupportController      : routine
2024-06-14T12:34:37.992+05:30  INFO 14708 --- [networkticketingapplicationproject] [http-nio-9090-exec-1] c.p.n.c.AvailabeITSupportController      : minor
2024-06-14T12:34:39.243+05:30  INFO 14708 --- [networkticketingapplicationproject] [http-nio-9090-exec-2] c.p.n.c.AvailabeITSupportController      : getticket
2024-06-14T12:34:44.889+05:30  INFO 14708 --- [networkticketingapplicationproject] [http-nio-9090-exec-3] c.p.n.c.AvailabeITSupportController      : minor
2024-06-14T12:34:48.221+05:30  INFO 14708 --- [networkticketingapplicationproject] [http-nio-9090-exec-4] c.p.n.c.AvailabeITSupportController      : getticket
2024-06-14T12:34:50.653+05:30  WARN 14708 --- [networkticketingapplicationproject] [http-nio-9090-exec-7] .m.m.a.ExceptionHandlerExceptionResolver : Resolved [com.prodapt.networkticketingapplicationproject.exceptions.TicketNotFoundException: Ticket Not Found]
2024-06-14T12:34:53.633+05:30  INFO 14708 --- [networkticketingapplicationproject] [http-nio-9090-exec-8] c.p.n.c.AvailabeITSupportController      : routine
2024-06-14T12:35:21.486+05:30  INFO 14708 --- [networkticketingapplicationproject] [http-nio-9090-exec-9] c.p.n.c.AvailabeITSupportController      : getticket
2024-06-14T12:35:25.676+05:30  WARN 14708 --- [networkticketingapplicationproject] [http-nio-9090-exec-10] .m.m.a.ExceptionHandlerExceptionResolver : Resolved [com.prodapt.networkticketingapplicationproject.exceptions.TicketNotFoundException: Ticket Not Found]
2024-06-14T12:35:26.516+05:30  INFO 14708 --- [networkticketingapplicationproject] [http-nio-9090-exec-1] c.p.n.c.AvailabeITSupportController      : routine
2024-06-14T12:35:27.713+05:30  INFO 14708 --- [networkticketingapplicationproject] [http-nio-9090-exec-2] c.p.n.c.AvailabeITSupportController      : getticket
2024-06-14T12:36:02.549+05:30  INFO 14708 --- [networkticketingapplicationproject] [http-nio-9090-exec-3] c.p.n.c.AvailabeITSupportController      : getticket
2024-06-14T12:36:08.474+05:30  INFO 14708 --- [networkticketingapplicationproject] [http-nio-9090-exec-4] c.p.n.c.AvailabeITSupportController      : routine
2024-06-14T12:36:10.006+05:30  INFO 14708 --- [networkticketingapplicationproject] [http-nio-9090-exec-5] c.p.n.c.AvailabeITSupportController      : getticket
2024-06-14T12:36:14.883+05:30  INFO 14708 --- [networkticketingapplicationproject] [http-nio-9090-exec-7] c.p.n.c.AvailabeITSupportController      : routine
2024-06-14T12:36:33.888+05:30  INFO 14708 --- [networkticketingapplicationproject] [http-nio-9090-exec-8] c.p.n.controller.AuthController          : User Signin
2024-06-14T12:36:35.949+05:30  INFO 14708 --- [networkticketingapplicationproject] [http-nio-9090-exec-10] c.p.n.c.CapableITSupportController       : noturgentbutcritical
2024-06-14T12:36:42.505+05:30  INFO 14708 --- [networkticketingapplicationproject] [http-nio-9090-exec-2] c.p.n.c.CapableITSupportController       : getticket
2024-06-14T12:36:47.284+05:30  INFO 14708 --- [networkticketingapplicationproject] [http-nio-9090-exec-4] c.p.n.c.CapableITSupportController       : urgentbutnotsevere
2024-06-14T12:36:48.476+05:30  INFO 14708 --- [networkticketingapplicationproject] [http-nio-9090-exec-5] c.p.n.c.CapableITSupportController       : getticket
2024-06-14T12:37:38.534+05:30  INFO 14708 --- [networkticketingapplicationproject] [http-nio-9090-exec-6] c.p.n.c.CapableITSupportController       : getticket
2024-06-14T12:37:42.005+05:30  INFO 14708 --- [networkticketingapplicationproject] [http-nio-9090-exec-9] c.p.n.c.CapableITSupportController       : urgentbutnotsevere
2024-06-14T12:37:45.227+05:30  INFO 14708 --- [networkticketingapplicationproject] [http-nio-9090-exec-10] c.p.n.c.CapableITSupportController       : noturgentbutcritical
2024-06-14T12:37:47.094+05:30  INFO 14708 --- [networkticketingapplicationproject] [http-nio-9090-exec-1] c.p.n.c.CapableITSupportController       : getticket
2024-06-14T12:37:49.891+05:30  INFO 14708 --- [networkticketingapplicationproject] [http-nio-9090-exec-3] c.p.n.c.CapableITSupportController       : noturgentbutcritical
2024-06-14T12:38:02.354+05:30  INFO 14708 --- [networkticketingapplicationproject] [http-nio-9090-exec-4] c.p.n.controller.AuthController          : User Signin
2024-06-14T12:38:04.027+05:30  WARN 14708 --- [networkticketingapplicationproject] [http-nio-9090-exec-5] .m.m.a.ExceptionHandlerExceptionResolver : Resolved [com.prodapt.networkticketingapplicationproject.exceptions.TicketNotFoundException: Ticket Not Found]
2024-06-14T12:38:05.307+05:30  INFO 14708 --- [networkticketingapplicationproject] [http-nio-9090-exec-6] c.p.n.c.AvailabeITSupportController      : routine
2024-06-14T12:38:06.762+05:30  INFO 14708 --- [networkticketingapplicationproject] [http-nio-9090-exec-7] c.p.n.c.AvailabeITSupportController      : getticket
2024-06-14T12:38:07.664+05:30  INFO 14708 --- [networkticketingapplicationproject] [http-nio-9090-exec-8] c.p.n.c.AvailabeITSupportController      : getticket
2024-06-14T12:38:19.147+05:30  INFO 14708 --- [networkticketingapplicationproject] [http-nio-9090-exec-9] c.p.n.controller.AuthController          : User Signin
2024-06-14T12:38:20.800+05:30  INFO 14708 --- [networkticketingapplicationproject] [http-nio-9090-exec-10] c.p.n.c.CapableITSupportController       : noturgentbutcritical
2024-06-14T12:38:22.510+05:30  INFO 14708 --- [networkticketingapplicationproject] [http-nio-9090-exec-1] c.p.n.c.CapableITSupportController       : getticket
2024-06-14T12:38:24.977+05:30  INFO 14708 --- [networkticketingapplicationproject] [http-nio-9090-exec-2] c.p.n.c.CapableITSupportController       : urgentbutnotsevere
2024-06-14T12:38:27.471+05:30  INFO 14708 --- [networkticketingapplicationproject] [http-nio-9090-exec-3] c.p.n.c.CapableITSupportController       : getticket
2024-06-14T12:38:41.774+05:30  INFO 14708 --- [networkticketingapplicationproject] [http-nio-9090-exec-4] c.p.n.c.CapableITSupportController       : noturgentbutcritical
2024-06-14T13:08:30.240+05:30  INFO 14708 --- [networkticketingapplicationproject] [http-nio-9090-exec-6] c.p.n.controller.AuthController          : User Signin
2024-06-14T13:08:32.127+05:30  INFO 14708 --- [networkticketingapplicationproject] [http-nio-9090-exec-7] c.p.n.controller.CustomerController      : getmytickets
2024-06-14T13:10:05.138+05:30  INFO 14708 --- [networkticketingapplicationproject] [http-nio-9090-exec-10] c.p.n.controller.CustomerController      : addticket
2024-06-14T13:10:06.441+05:30  INFO 14708 --- [networkticketingapplicationproject] [http-nio-9090-exec-1] c.p.n.controller.CustomerController      : getmytickets
2024-06-14T13:10:06.455+05:30  INFO 14708 --- [networkticketingapplicationproject] [http-nio-9090-exec-2] c.p.n.controller.CustomerController      : getmytickets
2024-06-14T13:10:20.779+05:30  INFO 14708 --- [networkticketingapplicationproject] [http-nio-9090-exec-3] c.p.n.controller.AuthController          : User Signin
2024-06-14T13:10:22.906+05:30  INFO 14708 --- [networkticketingapplicationproject] [http-nio-9090-exec-4] c.p.n.c.AvailabeITSupportController      : minor
2024-06-14T13:11:57.910+05:30  INFO 14708 --- [networkticketingapplicationproject] [RMI TCP Connection(141)-127.0.0.1] inMXBeanRegistrar$SpringApplicationAdmin : Application shutdown requested.
2024-06-14T13:11:57.931+05:30  INFO 14708 --- [networkticketingapplicationproject] [RMI TCP Connection(141)-127.0.0.1] j.LocalContainerEntityManagerFactoryBean : Closing JPA EntityManagerFactory for persistence unit 'default'
2024-06-14T13:11:57.934+05:30  INFO 14708 --- [networkticketingapplicationproject] [RMI TCP Connection(141)-127.0.0.1] com.zaxxer.hikari.HikariDataSource       : HikariPool-1 - Shutdown initiated...
2024-06-14T13:11:57.940+05:30  INFO 14708 --- [networkticketingapplicationproject] [RMI TCP Connection(141)-127.0.0.1] com.zaxxer.hikari.HikariDataSource       : HikariPool-1 - Shutdown completed.
2024-06-14T13:12:10.421+05:30  INFO 10500 --- [networkticketingapplicationproject] [restartedMain] rkticketingapplicationprojectApplication : Starting NetworkticketingapplicationprojectApplication using Java 17.0.10 with PID 10500 (D:\nta\nta\backend\target\classes started by prasannakumar.d in D:\nta\nta\backend)
2024-06-14T13:12:10.424+05:30  INFO 10500 --- [networkticketingapplicationproject] [restartedMain] rkticketingapplicationprojectApplication : No active profile set, falling back to 1 default profile: "default"
2024-06-14T13:12:10.464+05:30  INFO 10500 --- [networkticketingapplicationproject] [restartedMain] .e.DevToolsPropertyDefaultsPostProcessor : Devtools property defaults active! Set 'spring.devtools.add-properties' to 'false' to disable
2024-06-14T13:12:10.464+05:30  INFO 10500 --- [networkticketingapplicationproject] [restartedMain] .e.DevToolsPropertyDefaultsPostProcessor : For additional web related logging consider setting the 'logging.level.web' property to 'DEBUG'
2024-06-14T13:12:11.249+05:30  INFO 10500 --- [networkticketingapplicationproject] [restartedMain] .s.d.r.c.RepositoryConfigurationDelegate : Bootstrapping Spring Data JPA repositories in DEFAULT mode.
2024-06-14T13:12:11.325+05:30  INFO 10500 --- [networkticketingapplicationproject] [restartedMain] .s.d.r.c.RepositoryConfigurationDelegate : Finished Spring Data repository scanning in 69 ms. Found 3 JPA repository interfaces.
2024-06-14T13:12:11.844+05:30  INFO 10500 --- [networkticketingapplicationproject] [restartedMain] o.s.b.w.embedded.tomcat.TomcatWebServer  : Tomcat initialized with port 9090 (http)
2024-06-14T13:12:11.852+05:30  INFO 10500 --- [networkticketingapplicationproject] [restartedMain] o.apache.catalina.core.StandardService   : Starting service [Tomcat]
2024-06-14T13:12:11.853+05:30  INFO 10500 --- [networkticketingapplicationproject] [restartedMain] o.apache.catalina.core.StandardEngine    : Starting Servlet engine: [Apache Tomcat/10.1.24]
2024-06-14T13:12:11.909+05:30  INFO 10500 --- [networkticketingapplicationproject] [restartedMain] o.a.c.c.C.[Tomcat].[localhost].[/]       : Initializing Spring embedded WebApplicationContext
2024-06-14T13:12:11.910+05:30  INFO 10500 --- [networkticketingapplicationproject] [restartedMain] w.s.c.ServletWebServerApplicationContext : Root WebApplicationContext: initialization completed in 1446 ms
2024-06-14T13:12:12.012+05:30  INFO 10500 --- [networkticketingapplicationproject] [restartedMain] o.hibernate.jpa.internal.util.LogHelper  : HHH000204: Processing PersistenceUnitInfo [name: default]
2024-06-14T13:12:12.072+05:30  INFO 10500 --- [networkticketingapplicationproject] [restartedMain] org.hibernate.Version                    : HHH000412: Hibernate ORM core version 6.5.2.Final
2024-06-14T13:12:12.100+05:30  INFO 10500 --- [networkticketingapplicationproject] [restartedMain] o.h.c.internal.RegionFactoryInitiator    : HHH000026: Second-level cache disabled
2024-06-14T13:12:12.364+05:30  INFO 10500 --- [networkticketingapplicationproject] [restartedMain] o.s.o.j.p.SpringPersistenceUnitInfo      : No LoadTimeWeaver setup: ignoring JPA class transformer
2024-06-14T13:12:12.395+05:30  INFO 10500 --- [networkticketingapplicationproject] [restartedMain] com.zaxxer.hikari.HikariDataSource       : HikariPool-1 - Starting...
2024-06-14T13:12:12.668+05:30  INFO 10500 --- [networkticketingapplicationproject] [restartedMain] com.zaxxer.hikari.pool.HikariPool        : HikariPool-1 - Added connection com.mysql.cj.jdbc.ConnectionImpl@2fc6fe74
2024-06-14T13:12:12.671+05:30  INFO 10500 --- [networkticketingapplicationproject] [restartedMain] com.zaxxer.hikari.HikariDataSource       : HikariPool-1 - Start completed.
2024-06-14T13:12:12.727+05:30  WARN 10500 --- [networkticketingapplicationproject] [restartedMain] org.hibernate.orm.deprecation            : HHH90000025: MySQLDialect does not need to be specified explicitly using 'hibernate.dialect' (remove the property setting and it will be selected by default)
2024-06-14T13:12:13.653+05:30  INFO 10500 --- [networkticketingapplicationproject] [restartedMain] o.h.e.t.j.p.i.JtaPlatformInitiator       : HHH000489: No JTA platform available (set 'hibernate.transaction.jta.platform' to enable JTA platform integration)
2024-06-14T13:12:13.761+05:30  INFO 10500 --- [networkticketingapplicationproject] [restartedMain] j.LocalContainerEntityManagerFactoryBean : Initialized JPA EntityManagerFactory for persistence unit 'default'
2024-06-14T13:12:14.238+05:30  INFO 10500 --- [networkticketingapplicationproject] [restartedMain] eAuthenticationProviderManagerConfigurer : Global AuthenticationManager configured with AuthenticationProvider bean with name authenticationProvider
2024-06-14T13:12:14.242+05:30  WARN 10500 --- [networkticketingapplicationproject] [restartedMain] r$InitializeUserDetailsManagerConfigurer : Global AuthenticationManager configured with an AuthenticationProvider bean. UserDetailsService beans will not be used for username/password login. Consider removing the AuthenticationProvider bean. Alternatively, consider using the UserDetailsService in a manually instantiated DaoAuthenticationProvider.
2024-06-14T13:12:14.380+05:30  WARN 10500 --- [networkticketingapplicationproject] [restartedMain] JpaBaseConfiguration$JpaWebConfiguration : spring.jpa.open-in-view is enabled by default. Therefore, database queries may be performed during view rendering. Explicitly configure spring.jpa.open-in-view to disable this warning
2024-06-14T13:12:14.680+05:30  INFO 10500 --- [networkticketingapplicationproject] [restartedMain] o.s.s.web.DefaultSecurityFilterChain     : Will secure any request with [org.springframework.security.web.session.DisableEncodeUrlFilter@2721fa51, org.springframework.security.web.context.request.async.WebAsyncManagerIntegrationFilter@3f60bf13, org.springframework.security.web.context.SecurityContextHolderFilter@32a1b11d, org.springframework.security.web.header.HeaderWriterFilter@1d12ab32, org.springframework.web.filter.CorsFilter@7beb1b1e, org.springframework.security.web.authentication.logout.LogoutFilter@5efbafca, com.prodapt.networkticketingapplicationproject.security.jwt.AuthTokenFilter@6596b9b1, org.springframework.security.web.savedrequest.RequestCacheAwareFilter@7ced6f19, org.springframework.security.web.servletapi.SecurityContextHolderAwareRequestFilter@1efa38b6, org.springframework.security.web.authentication.AnonymousAuthenticationFilter@71687bda, org.springframework.security.web.session.SessionManagementFilter@691aef47, org.springframework.security.web.access.ExceptionTranslationFilter@49e4850f, org.springframework.security.web.access.intercept.AuthorizationFilter@7b9c78ae]
2024-06-14T13:12:14.979+05:30  INFO 10500 --- [networkticketingapplicationproject] [restartedMain] o.s.b.d.a.OptionalLiveReloadServer       : LiveReload server is running on port 35729
2024-06-14T13:12:15.038+05:30  INFO 10500 --- [networkticketingapplicationproject] [restartedMain] o.s.b.w.embedded.tomcat.TomcatWebServer  : Tomcat started on port 9090 (http) with context path '/'
2024-06-14T13:12:15.049+05:30  INFO 10500 --- [networkticketingapplicationproject] [restartedMain] rkticketingapplicationprojectApplication : Started NetworkticketingapplicationprojectApplication in 5.0 seconds (process running for 6.158)
2024-06-14T13:12:21.779+05:30  INFO 10500 --- [networkticketingapplicationproject] [http-nio-9090-exec-1] o.a.c.c.C.[Tomcat].[localhost].[/]       : Initializing Spring DispatcherServlet 'dispatcherServlet'
2024-06-14T13:12:21.779+05:30  INFO 10500 --- [networkticketingapplicationproject] [http-nio-9090-exec-1] o.s.web.servlet.DispatcherServlet        : Initializing Servlet 'dispatcherServlet'
2024-06-14T13:12:21.783+05:30  INFO 10500 --- [networkticketingapplicationproject] [http-nio-9090-exec-1] o.s.web.servlet.DispatcherServlet        : Completed initialization in 4 ms
2024-06-14T13:12:22.147+05:30  INFO 10500 --- [networkticketingapplicationproject] [http-nio-9090-exec-1] c.p.n.controller.AuthController          : User Signin
2024-06-14T13:39:42.130+05:30  INFO 21920 --- [networkticketingapplicationproject] [restartedMain] rkticketingapplicationprojectApplication : Starting NetworkticketingapplicationprojectApplication using Java 17.0.10 with PID 21920 (D:\nta\nta\backend\target\classes started by prasannakumar.d in D:\nta\nta\backend)
2024-06-14T13:39:42.132+05:30  INFO 21920 --- [networkticketingapplicationproject] [restartedMain] rkticketingapplicationprojectApplication : No active profile set, falling back to 1 default profile: "default"
2024-06-14T13:39:42.173+05:30  INFO 21920 --- [networkticketingapplicationproject] [restartedMain] .e.DevToolsPropertyDefaultsPostProcessor : Devtools property defaults active! Set 'spring.devtools.add-properties' to 'false' to disable
2024-06-14T13:39:42.174+05:30  INFO 21920 --- [networkticketingapplicationproject] [restartedMain] .e.DevToolsPropertyDefaultsPostProcessor : For additional web related logging consider setting the 'logging.level.web' property to 'DEBUG'
2024-06-14T13:39:42.951+05:30  INFO 21920 --- [networkticketingapplicationproject] [restartedMain] .s.d.r.c.RepositoryConfigurationDelegate : Bootstrapping Spring Data JPA repositories in DEFAULT mode.
2024-06-14T13:39:43.048+05:30  INFO 21920 --- [networkticketingapplicationproject] [restartedMain] .s.d.r.c.RepositoryConfigurationDelegate : Finished Spring Data repository scanning in 89 ms. Found 3 JPA repository interfaces.
2024-06-14T13:39:43.704+05:30  INFO 21920 --- [networkticketingapplicationproject] [restartedMain] o.s.b.w.embedded.tomcat.TomcatWebServer  : Tomcat initialized with port 9090 (http)
2024-06-14T13:39:43.722+05:30  INFO 21920 --- [networkticketingapplicationproject] [restartedMain] o.apache.catalina.core.StandardService   : Starting service [Tomcat]
2024-06-14T13:39:43.723+05:30  INFO 21920 --- [networkticketingapplicationproject] [restartedMain] o.apache.catalina.core.StandardEngine    : Starting Servlet engine: [Apache Tomcat/10.1.24]
2024-06-14T13:39:43.812+05:30  INFO 21920 --- [networkticketingapplicationproject] [restartedMain] o.a.c.c.C.[Tomcat].[localhost].[/]       : Initializing Spring embedded WebApplicationContext
2024-06-14T13:39:43.813+05:30  INFO 21920 --- [networkticketingapplicationproject] [restartedMain] w.s.c.ServletWebServerApplicationContext : Root WebApplicationContext: initialization completed in 1639 ms
2024-06-14T13:39:43.931+05:30  INFO 21920 --- [networkticketingapplicationproject] [restartedMain] o.hibernate.jpa.internal.util.LogHelper  : HHH000204: Processing PersistenceUnitInfo [name: default]
2024-06-14T13:39:43.968+05:30  INFO 21920 --- [networkticketingapplicationproject] [restartedMain] org.hibernate.Version                    : HHH000412: Hibernate ORM core version 6.5.2.Final
2024-06-14T13:39:43.990+05:30  INFO 21920 --- [networkticketingapplicationproject] [restartedMain] o.h.c.internal.RegionFactoryInitiator    : HHH000026: Second-level cache disabled
2024-06-14T13:39:44.205+05:30  INFO 21920 --- [networkticketingapplicationproject] [restartedMain] o.s.o.j.p.SpringPersistenceUnitInfo      : No LoadTimeWeaver setup: ignoring JPA class transformer
2024-06-14T13:39:44.228+05:30  INFO 21920 --- [networkticketingapplicationproject] [restartedMain] com.zaxxer.hikari.HikariDataSource       : HikariPool-1 - Starting...
2024-06-14T13:39:44.446+05:30  INFO 21920 --- [networkticketingapplicationproject] [restartedMain] com.zaxxer.hikari.pool.HikariPool        : HikariPool-1 - Added connection com.mysql.cj.jdbc.ConnectionImpl@d32fc67
2024-06-14T13:39:44.448+05:30  INFO 21920 --- [networkticketingapplicationproject] [restartedMain] com.zaxxer.hikari.HikariDataSource       : HikariPool-1 - Start completed.
2024-06-14T13:39:44.488+05:30  WARN 21920 --- [networkticketingapplicationproject] [restartedMain] org.hibernate.orm.deprecation            : HHH90000025: MySQLDialect does not need to be specified explicitly using 'hibernate.dialect' (remove the property setting and it will be selected by default)
2024-06-14T13:39:45.201+05:30  INFO 21920 --- [networkticketingapplicationproject] [restartedMain] o.h.e.t.j.p.i.JtaPlatformInitiator       : HHH000489: No JTA platform available (set 'hibernate.transaction.jta.platform' to enable JTA platform integration)
2024-06-14T13:39:45.307+05:30  INFO 21920 --- [networkticketingapplicationproject] [restartedMain] j.LocalContainerEntityManagerFactoryBean : Initialized JPA EntityManagerFactory for persistence unit 'default'
2024-06-14T13:39:45.677+05:30  INFO 21920 --- [networkticketingapplicationproject] [restartedMain] eAuthenticationProviderManagerConfigurer : Global AuthenticationManager configured with AuthenticationProvider bean with name authenticationProvider
2024-06-14T13:39:45.677+05:30  WARN 21920 --- [networkticketingapplicationproject] [restartedMain] r$InitializeUserDetailsManagerConfigurer : Global AuthenticationManager configured with an AuthenticationProvider bean. UserDetailsService beans will not be used for username/password login. Consider removing the AuthenticationProvider bean. Alternatively, consider using the UserDetailsService in a manually instantiated DaoAuthenticationProvider.
2024-06-14T13:39:45.781+05:30  WARN 21920 --- [networkticketingapplicationproject] [restartedMain] JpaBaseConfiguration$JpaWebConfiguration : spring.jpa.open-in-view is enabled by default. Therefore, database queries may be performed during view rendering. Explicitly configure spring.jpa.open-in-view to disable this warning
2024-06-14T13:39:46.014+05:30  INFO 21920 --- [networkticketingapplicationproject] [restartedMain] o.s.s.web.DefaultSecurityFilterChain     : Will secure any request with [org.springframework.security.web.session.DisableEncodeUrlFilter@23f9342b, org.springframework.security.web.context.request.async.WebAsyncManagerIntegrationFilter@39bd90be, org.springframework.security.web.context.SecurityContextHolderFilter@1edfddf8, org.springframework.security.web.header.HeaderWriterFilter@317c42e7, org.springframework.web.filter.CorsFilter@40c04b89, org.springframework.security.web.authentication.logout.LogoutFilter@48cd374b, com.prodapt.networkticketingapplicationproject.security.jwt.AuthTokenFilter@736a5640, org.springframework.security.web.savedrequest.RequestCacheAwareFilter@3193f999, org.springframework.security.web.servletapi.SecurityContextHolderAwareRequestFilter@55759f84, org.springframework.security.web.authentication.AnonymousAuthenticationFilter@41c820ad, org.springframework.security.web.session.SessionManagementFilter@131810eb, org.springframework.security.web.access.ExceptionTranslationFilter@1895638c, org.springframework.security.web.access.intercept.AuthorizationFilter@68ae5e14]
2024-06-14T13:39:46.210+05:30  INFO 21920 --- [networkticketingapplicationproject] [restartedMain] o.s.b.d.a.OptionalLiveReloadServer       : LiveReload server is running on port 35729
2024-06-14T13:39:46.248+05:30  INFO 21920 --- [networkticketingapplicationproject] [restartedMain] o.s.b.w.embedded.tomcat.TomcatWebServer  : Tomcat started on port 9090 (http) with context path '/'
2024-06-14T13:39:46.258+05:30  INFO 21920 --- [networkticketingapplicationproject] [restartedMain] rkticketingapplicationprojectApplication : Started NetworkticketingapplicationprojectApplication in 4.458 seconds (process running for 5.184)
2024-06-14T13:39:48.963+05:30  INFO 21920 --- [networkticketingapplicationproject] [http-nio-9090-exec-1] o.a.c.c.C.[Tomcat].[localhost].[/]       : Initializing Spring DispatcherServlet 'dispatcherServlet'
2024-06-14T13:39:48.964+05:30  INFO 21920 --- [networkticketingapplicationproject] [http-nio-9090-exec-1] o.s.web.servlet.DispatcherServlet        : Initializing Servlet 'dispatcherServlet'
2024-06-14T13:39:48.965+05:30  INFO 21920 --- [networkticketingapplicationproject] [http-nio-9090-exec-1] o.s.web.servlet.DispatcherServlet        : Completed initialization in 1 ms
2024-06-14T13:39:49.079+05:30  INFO 21920 --- [networkticketingapplicationproject] [http-nio-9090-exec-2] c.p.n.controller.AuthController          : User Signin
2024-06-14T13:39:51.340+05:30  INFO 21920 --- [networkticketingapplicationproject] [http-nio-9090-exec-4] c.p.n.controller.CustomerController      : getmytickets
2024-06-14T13:40:16.858+05:30  INFO 21920 --- [networkticketingapplicationproject] [http-nio-9090-exec-5] c.p.n.controller.CustomerController      : addticket
2024-06-14T13:40:18.338+05:30  INFO 21920 --- [networkticketingapplicationproject] [http-nio-9090-exec-6] c.p.n.controller.CustomerController      : getmytickets
2024-06-14T13:40:18.347+05:30  INFO 21920 --- [networkticketingapplicationproject] [http-nio-9090-exec-7] c.p.n.controller.CustomerController      : getmytickets
2024-06-14T13:43:54.454+05:30  INFO 21920 --- [networkticketingapplicationproject] [RMI TCP Connection(6)-127.0.0.1] inMXBeanRegistrar$SpringApplicationAdmin : Application shutdown requested.
2024-06-14T13:43:54.507+05:30  INFO 21920 --- [networkticketingapplicationproject] [RMI TCP Connection(6)-127.0.0.1] j.LocalContainerEntityManagerFactoryBean : Closing JPA EntityManagerFactory for persistence unit 'default'
2024-06-14T13:43:54.514+05:30  INFO 21920 --- [networkticketingapplicationproject] [RMI TCP Connection(6)-127.0.0.1] com.zaxxer.hikari.HikariDataSource       : HikariPool-1 - Shutdown initiated...
2024-06-14T13:43:54.535+05:30  INFO 21920 --- [networkticketingapplicationproject] [RMI TCP Connection(6)-127.0.0.1] com.zaxxer.hikari.HikariDataSource       : HikariPool-1 - Shutdown completed.
2024-06-14T15:19:38.943+05:30  INFO 25068 --- [networkticketingapplicationproject] [restartedMain] rkticketingapplicationprojectApplication : Starting NetworkticketingapplicationprojectApplication using Java 17.0.10 with PID 25068 (D:\nta\nta\backend\target\classes started by prasannakumar.d in D:\nta\nta\backend)
2024-06-14T15:19:38.946+05:30  INFO 25068 --- [networkticketingapplicationproject] [restartedMain] rkticketingapplicationprojectApplication : No active profile set, falling back to 1 default profile: "default"
2024-06-14T15:19:38.985+05:30  INFO 25068 --- [networkticketingapplicationproject] [restartedMain] .e.DevToolsPropertyDefaultsPostProcessor : Devtools property defaults active! Set 'spring.devtools.add-properties' to 'false' to disable
2024-06-14T15:19:38.986+05:30  INFO 25068 --- [networkticketingapplicationproject] [restartedMain] .e.DevToolsPropertyDefaultsPostProcessor : For additional web related logging consider setting the 'logging.level.web' property to 'DEBUG'
2024-06-14T15:19:39.821+05:30  INFO 25068 --- [networkticketingapplicationproject] [restartedMain] .s.d.r.c.RepositoryConfigurationDelegate : Bootstrapping Spring Data JPA repositories in DEFAULT mode.
2024-06-14T15:19:39.878+05:30  INFO 25068 --- [networkticketingapplicationproject] [restartedMain] .s.d.r.c.RepositoryConfigurationDelegate : Finished Spring Data repository scanning in 50 ms. Found 3 JPA repository interfaces.
2024-06-14T15:19:40.301+05:30  INFO 25068 --- [networkticketingapplicationproject] [restartedMain] o.s.b.w.embedded.tomcat.TomcatWebServer  : Tomcat initialized with port 9090 (http)
2024-06-14T15:19:40.310+05:30  INFO 25068 --- [networkticketingapplicationproject] [restartedMain] o.apache.catalina.core.StandardService   : Starting service [Tomcat]
2024-06-14T15:19:40.311+05:30  INFO 25068 --- [networkticketingapplicationproject] [restartedMain] o.apache.catalina.core.StandardEngine    : Starting Servlet engine: [Apache Tomcat/10.1.24]
2024-06-14T15:19:40.360+05:30  INFO 25068 --- [networkticketingapplicationproject] [restartedMain] o.a.c.c.C.[Tomcat].[localhost].[/]       : Initializing Spring embedded WebApplicationContext
2024-06-14T15:19:40.361+05:30  INFO 25068 --- [networkticketingapplicationproject] [restartedMain] w.s.c.ServletWebServerApplicationContext : Root WebApplicationContext: initialization completed in 1375 ms
2024-06-14T15:19:40.461+05:30  INFO 25068 --- [networkticketingapplicationproject] [restartedMain] o.hibernate.jpa.internal.util.LogHelper  : HHH000204: Processing PersistenceUnitInfo [name: default]
2024-06-14T15:19:40.495+05:30  INFO 25068 --- [networkticketingapplicationproject] [restartedMain] org.hibernate.Version                    : HHH000412: Hibernate ORM core version 6.5.2.Final
2024-06-14T15:19:40.516+05:30  INFO 25068 --- [networkticketingapplicationproject] [restartedMain] o.h.c.internal.RegionFactoryInitiator    : HHH000026: Second-level cache disabled
2024-06-14T15:19:40.759+05:30  INFO 25068 --- [networkticketingapplicationproject] [restartedMain] o.s.o.j.p.SpringPersistenceUnitInfo      : No LoadTimeWeaver setup: ignoring JPA class transformer
2024-06-14T15:19:40.779+05:30  INFO 25068 --- [networkticketingapplicationproject] [restartedMain] com.zaxxer.hikari.HikariDataSource       : HikariPool-1 - Starting...
2024-06-14T15:19:40.984+05:30  INFO 25068 --- [networkticketingapplicationproject] [restartedMain] com.zaxxer.hikari.pool.HikariPool        : HikariPool-1 - Added connection com.mysql.cj.jdbc.ConnectionImpl@4c4144f7
2024-06-14T15:19:40.986+05:30  INFO 25068 --- [networkticketingapplicationproject] [restartedMain] com.zaxxer.hikari.HikariDataSource       : HikariPool-1 - Start completed.
2024-06-14T15:19:41.026+05:30  WARN 25068 --- [networkticketingapplicationproject] [restartedMain] org.hibernate.orm.deprecation            : HHH90000025: MySQLDialect does not need to be specified explicitly using 'hibernate.dialect' (remove the property setting and it will be selected by default)
2024-06-14T15:19:41.749+05:30  INFO 25068 --- [networkticketingapplicationproject] [restartedMain] o.h.e.t.j.p.i.JtaPlatformInitiator       : HHH000489: No JTA platform available (set 'hibernate.transaction.jta.platform' to enable JTA platform integration)
2024-06-14T15:19:41.856+05:30  INFO 25068 --- [networkticketingapplicationproject] [restartedMain] j.LocalContainerEntityManagerFactoryBean : Initialized JPA EntityManagerFactory for persistence unit 'default'
2024-06-14T15:19:42.161+05:30  INFO 25068 --- [networkticketingapplicationproject] [restartedMain] eAuthenticationProviderManagerConfigurer : Global AuthenticationManager configured with AuthenticationProvider bean with name authenticationProvider
2024-06-14T15:19:42.162+05:30  WARN 25068 --- [networkticketingapplicationproject] [restartedMain] r$InitializeUserDetailsManagerConfigurer : Global AuthenticationManager configured with an AuthenticationProvider bean. UserDetailsService beans will not be used for username/password login. Consider removing the AuthenticationProvider bean. Alternatively, consider using the UserDetailsService in a manually instantiated DaoAuthenticationProvider.
2024-06-14T15:19:42.260+05:30  WARN 25068 --- [networkticketingapplicationproject] [restartedMain] JpaBaseConfiguration$JpaWebConfiguration : spring.jpa.open-in-view is enabled by default. Therefore, database queries may be performed during view rendering. Explicitly configure spring.jpa.open-in-view to disable this warning
2024-06-14T15:19:42.507+05:30  INFO 25068 --- [networkticketingapplicationproject] [restartedMain] o.s.s.web.DefaultSecurityFilterChain     : Will secure any request with [org.springframework.security.web.session.DisableEncodeUrlFilter@402e5729, org.springframework.security.web.context.request.async.WebAsyncManagerIntegrationFilter@6e8ff3df, org.springframework.security.web.context.SecurityContextHolderFilter@11016362, org.springframework.security.web.header.HeaderWriterFilter@6cf19a84, org.springframework.web.filter.CorsFilter@3926d9fc, org.springframework.security.web.authentication.logout.LogoutFilter@c670354, com.prodapt.networkticketingapplicationproject.security.jwt.AuthTokenFilter@2309331e, org.springframework.security.web.savedrequest.RequestCacheAwareFilter@3370e7e5, org.springframework.security.web.servletapi.SecurityContextHolderAwareRequestFilter@5ea3c4af, org.springframework.security.web.authentication.AnonymousAuthenticationFilter@587e671d, org.springframework.security.web.session.SessionManagementFilter@67de40a1, org.springframework.security.web.access.ExceptionTranslationFilter@1dc1ef8a, org.springframework.security.web.access.intercept.AuthorizationFilter@2391a3d0]
2024-06-14T15:19:42.696+05:30  INFO 25068 --- [networkticketingapplicationproject] [restartedMain] o.s.b.d.a.OptionalLiveReloadServer       : LiveReload server is running on port 35729
2024-06-14T15:19:42.739+05:30  INFO 25068 --- [networkticketingapplicationproject] [restartedMain] o.s.b.w.embedded.tomcat.TomcatWebServer  : Tomcat started on port 9090 (http) with context path '/'
2024-06-14T15:19:42.748+05:30  INFO 25068 --- [networkticketingapplicationproject] [restartedMain] rkticketingapplicationprojectApplication : Started NetworkticketingapplicationprojectApplication in 4.215 seconds (process running for 5.148)
2024-06-14T15:21:09.869+05:30  INFO 25068 --- [networkticketingapplicationproject] [http-nio-9090-exec-1] o.a.c.c.C.[Tomcat].[localhost].[/]       : Initializing Spring DispatcherServlet 'dispatcherServlet'
2024-06-14T15:21:09.869+05:30  INFO 25068 --- [networkticketingapplicationproject] [http-nio-9090-exec-1] o.s.web.servlet.DispatcherServlet        : Initializing Servlet 'dispatcherServlet'
2024-06-14T15:21:09.869+05:30  INFO 25068 --- [networkticketingapplicationproject] [http-nio-9090-exec-1] o.s.web.servlet.DispatcherServlet        : Completed initialization in 0 ms
2024-06-14T15:21:10.201+05:30  INFO 25068 --- [networkticketingapplicationproject] [http-nio-9090-exec-2] c.p.n.controller.AuthController          : User Signin
2024-06-14T15:21:29.449+05:30  INFO 25068 --- [networkticketingapplicationproject] [http-nio-9090-exec-3] c.p.n.controller.AuthController          : User Signin
2024-06-14T15:23:31.509+05:30  INFO 25068 --- [networkticketingapplicationproject] [http-nio-9090-exec-6] c.p.n.controller.CustomerController      : getmytickets
2024-06-14T15:25:41.715+05:30  INFO 25068 --- [networkticketingapplicationproject] [RMI TCP Connection(8)-127.0.0.1] inMXBeanRegistrar$SpringApplicationAdmin : Application shutdown requested.
2024-06-14T15:25:41.741+05:30  INFO 25068 --- [networkticketingapplicationproject] [RMI TCP Connection(8)-127.0.0.1] j.LocalContainerEntityManagerFactoryBean : Closing JPA EntityManagerFactory for persistence unit 'default'
2024-06-14T15:25:41.745+05:30  INFO 25068 --- [networkticketingapplicationproject] [RMI TCP Connection(8)-127.0.0.1] com.zaxxer.hikari.HikariDataSource       : HikariPool-1 - Shutdown initiated...
2024-06-14T15:25:41.752+05:30  INFO 25068 --- [networkticketingapplicationproject] [RMI TCP Connection(8)-127.0.0.1] com.zaxxer.hikari.HikariDataSource       : HikariPool-1 - Shutdown completed.
2024-06-14T19:57:00.662+05:30  INFO 23948 --- [networkticketingapplicationproject] [restartedMain] rkticketingapplicationprojectApplication : Starting NetworkticketingapplicationprojectApplication using Java 17.0.10 with PID 23948 (D:\nta\nta\backend\target\classes started by prasannakumar.d in D:\nta\nta\backend)
2024-06-14T19:57:00.664+05:30  INFO 23948 --- [networkticketingapplicationproject] [restartedMain] rkticketingapplicationprojectApplication : No active profile set, falling back to 1 default profile: "default"
2024-06-14T19:57:00.727+05:30  INFO 23948 --- [networkticketingapplicationproject] [restartedMain] .e.DevToolsPropertyDefaultsPostProcessor : Devtools property defaults active! Set 'spring.devtools.add-properties' to 'false' to disable
2024-06-14T19:57:00.728+05:30  INFO 23948 --- [networkticketingapplicationproject] [restartedMain] .e.DevToolsPropertyDefaultsPostProcessor : For additional web related logging consider setting the 'logging.level.web' property to 'DEBUG'
2024-06-14T19:57:01.625+05:30  INFO 23948 --- [networkticketingapplicationproject] [restartedMain] .s.d.r.c.RepositoryConfigurationDelegate : Bootstrapping Spring Data JPA repositories in DEFAULT mode.
2024-06-14T19:57:01.711+05:30  INFO 23948 --- [networkticketingapplicationproject] [restartedMain] .s.d.r.c.RepositoryConfigurationDelegate : Finished Spring Data repository scanning in 76 ms. Found 3 JPA repository interfaces.
2024-06-14T19:57:02.270+05:30  INFO 23948 --- [networkticketingapplicationproject] [restartedMain] o.s.b.w.embedded.tomcat.TomcatWebServer  : Tomcat initialized with port 9090 (http)
2024-06-14T19:57:02.282+05:30  INFO 23948 --- [networkticketingapplicationproject] [restartedMain] o.apache.catalina.core.StandardService   : Starting service [Tomcat]
2024-06-14T19:57:02.282+05:30  INFO 23948 --- [networkticketingapplicationproject] [restartedMain] o.apache.catalina.core.StandardEngine    : Starting Servlet engine: [Apache Tomcat/10.1.24]
2024-06-14T19:57:02.348+05:30  INFO 23948 --- [networkticketingapplicationproject] [restartedMain] o.a.c.c.C.[Tomcat].[localhost].[/]       : Initializing Spring embedded WebApplicationContext
2024-06-14T19:57:02.349+05:30  INFO 23948 --- [networkticketingapplicationproject] [restartedMain] w.s.c.ServletWebServerApplicationContext : Root WebApplicationContext: initialization completed in 1621 ms
2024-06-14T19:57:02.470+05:30  INFO 23948 --- [networkticketingapplicationproject] [restartedMain] o.hibernate.jpa.internal.util.LogHelper  : HHH000204: Processing PersistenceUnitInfo [name: default]
2024-06-14T19:57:02.539+05:30  INFO 23948 --- [networkticketingapplicationproject] [restartedMain] org.hibernate.Version                    : HHH000412: Hibernate ORM core version 6.5.2.Final
2024-06-14T19:57:02.582+05:30  INFO 23948 --- [networkticketingapplicationproject] [restartedMain] o.h.c.internal.RegionFactoryInitiator    : HHH000026: Second-level cache disabled
2024-06-14T19:57:02.934+05:30  INFO 23948 --- [networkticketingapplicationproject] [restartedMain] o.s.o.j.p.SpringPersistenceUnitInfo      : No LoadTimeWeaver setup: ignoring JPA class transformer
2024-06-14T19:57:02.968+05:30  INFO 23948 --- [networkticketingapplicationproject] [restartedMain] com.zaxxer.hikari.HikariDataSource       : HikariPool-1 - Starting...
2024-06-14T19:57:03.313+05:30  INFO 23948 --- [networkticketingapplicationproject] [restartedMain] com.zaxxer.hikari.pool.HikariPool        : HikariPool-1 - Added connection com.mysql.cj.jdbc.ConnectionImpl@32a0819f
2024-06-14T19:57:03.315+05:30  INFO 23948 --- [networkticketingapplicationproject] [restartedMain] com.zaxxer.hikari.HikariDataSource       : HikariPool-1 - Start completed.
2024-06-14T19:57:03.369+05:30  WARN 23948 --- [networkticketingapplicationproject] [restartedMain] org.hibernate.orm.deprecation            : HHH90000025: MySQLDialect does not need to be specified explicitly using 'hibernate.dialect' (remove the property setting and it will be selected by default)
2024-06-14T19:57:04.429+05:30  INFO 23948 --- [networkticketingapplicationproject] [restartedMain] o.h.e.t.j.p.i.JtaPlatformInitiator       : HHH000489: No JTA platform available (set 'hibernate.transaction.jta.platform' to enable JTA platform integration)
2024-06-14T19:57:04.542+05:30  INFO 23948 --- [networkticketingapplicationproject] [restartedMain] j.LocalContainerEntityManagerFactoryBean : Initialized JPA EntityManagerFactory for persistence unit 'default'
2024-06-14T19:57:04.964+05:30  INFO 23948 --- [networkticketingapplicationproject] [restartedMain] eAuthenticationProviderManagerConfigurer : Global AuthenticationManager configured with AuthenticationProvider bean with name authenticationProvider
2024-06-14T19:57:04.965+05:30  WARN 23948 --- [networkticketingapplicationproject] [restartedMain] r$InitializeUserDetailsManagerConfigurer : Global AuthenticationManager configured with an AuthenticationProvider bean. UserDetailsService beans will not be used for username/password login. Consider removing the AuthenticationProvider bean. Alternatively, consider using the UserDetailsService in a manually instantiated DaoAuthenticationProvider.
2024-06-14T19:57:05.099+05:30  WARN 23948 --- [networkticketingapplicationproject] [restartedMain] JpaBaseConfiguration$JpaWebConfiguration : spring.jpa.open-in-view is enabled by default. Therefore, database queries may be performed during view rendering. Explicitly configure spring.jpa.open-in-view to disable this warning
2024-06-14T19:57:05.466+05:30  INFO 23948 --- [networkticketingapplicationproject] [restartedMain] o.s.s.web.DefaultSecurityFilterChain     : Will secure any request with [org.springframework.security.web.session.DisableEncodeUrlFilter@38c96100, org.springframework.security.web.context.request.async.WebAsyncManagerIntegrationFilter@5be6b2ff, org.springframework.security.web.context.SecurityContextHolderFilter@11229d24, org.springframework.security.web.header.HeaderWriterFilter@5ea7c6ca, org.springframework.web.filter.CorsFilter@bad5b3d, org.springframework.security.web.authentication.logout.LogoutFilter@8414a00, com.prodapt.networkticketingapplicationproject.security.jwt.AuthTokenFilter@7461c421, org.springframework.security.web.savedrequest.RequestCacheAwareFilter@177d73bb, org.springframework.security.web.servletapi.SecurityContextHolderAwareRequestFilter@2c2b954a, org.springframework.security.web.authentication.AnonymousAuthenticationFilter@5db2195b, org.springframework.security.web.session.SessionManagementFilter@643497fe, org.springframework.security.web.access.ExceptionTranslationFilter@4f563e6d, org.springframework.security.web.access.intercept.AuthorizationFilter@3c8be8fe]
2024-06-14T19:57:05.818+05:30  INFO 23948 --- [networkticketingapplicationproject] [restartedMain] o.s.b.d.a.OptionalLiveReloadServer       : LiveReload server is running on port 35729
2024-06-14T19:57:05.890+05:30  INFO 23948 --- [networkticketingapplicationproject] [restartedMain] o.s.b.w.embedded.tomcat.TomcatWebServer  : Tomcat started on port 9090 (http) with context path '/'
2024-06-14T19:57:05.904+05:30  INFO 23948 --- [networkticketingapplicationproject] [restartedMain] rkticketingapplicationprojectApplication : Started NetworkticketingapplicationprojectApplication in 5.686 seconds (process running for 7.126)
2024-06-14T19:58:27.307+05:30  INFO 23948 --- [networkticketingapplicationproject] [http-nio-9090-exec-1] o.a.c.c.C.[Tomcat].[localhost].[/]       : Initializing Spring DispatcherServlet 'dispatcherServlet'
2024-06-14T19:58:27.308+05:30  INFO 23948 --- [networkticketingapplicationproject] [http-nio-9090-exec-1] o.s.web.servlet.DispatcherServlet        : Initializing Servlet 'dispatcherServlet'
2024-06-14T19:58:27.313+05:30  INFO 23948 --- [networkticketingapplicationproject] [http-nio-9090-exec-1] o.s.web.servlet.DispatcherServlet        : Completed initialization in 3 ms
2024-06-14T19:58:27.698+05:30  INFO 23948 --- [networkticketingapplicationproject] [http-nio-9090-exec-2] c.p.n.controller.AuthController          : User Signin
2024-06-14T19:58:30.519+05:30  INFO 23948 --- [networkticketingapplicationproject] [http-nio-9090-exec-4] c.p.n.controller.CustomerController      : getmytickets
2024-06-14T19:58:40.662+05:30  INFO 23948 --- [networkticketingapplicationproject] [http-nio-9090-exec-5] c.p.n.controller.CustomerController      : getmytickets
2024-06-14T19:58:43.893+05:30  INFO 23948 --- [networkticketingapplicationproject] [http-nio-9090-exec-7] c.p.n.controller.CustomerController      : getticket
2024-06-14T19:58:53.830+05:30  INFO 23948 --- [networkticketingapplicationproject] [http-nio-9090-exec-8] c.p.n.controller.CustomerController      : getticket
2024-06-14T19:59:02.979+05:30  INFO 23948 --- [networkticketingapplicationproject] [http-nio-9090-exec-9] c.p.n.controller.CustomerController      : getmytickets
2024-06-14T20:03:37.203+05:30  INFO 23948 --- [networkticketingapplicationproject] [http-nio-9090-exec-1] c.p.n.controller.AuthController          : User Signin
2024-06-14T20:03:42.487+05:30  INFO 23948 --- [networkticketingapplicationproject] [http-nio-9090-exec-2] c.p.n.controller.CustomerController      : getmytickets
2024-06-14T20:03:45.154+05:30  INFO 23948 --- [networkticketingapplicationproject] [http-nio-9090-exec-3] c.p.n.controller.CustomerController      : getmytickets
2024-06-14T20:03:49.488+05:30  INFO 23948 --- [networkticketingapplicationproject] [http-nio-9090-exec-4] c.p.n.controller.CustomerController      : getmytickets
2024-06-14T20:03:56.365+05:30  INFO 23948 --- [networkticketingapplicationproject] [http-nio-9090-exec-5] c.p.n.controller.AuthController          : User Signin
2024-06-14T20:04:33.944+05:30  INFO 23948 --- [networkticketingapplicationproject] [http-nio-9090-exec-6] c.p.n.controller.CustomerController      : getmytickets
2024-06-14T20:06:05.021+05:30  INFO 23948 --- [networkticketingapplicationproject] [http-nio-9090-exec-9] c.p.n.controller.CustomerController      : addticket
2024-06-14T20:06:09.943+05:30  INFO 23948 --- [networkticketingapplicationproject] [http-nio-9090-exec-10] c.p.n.controller.CustomerController      : getmytickets
2024-06-14T20:06:09.956+05:30  INFO 23948 --- [networkticketingapplicationproject] [http-nio-9090-exec-1] c.p.n.controller.CustomerController      : getmytickets
2024-06-14T20:08:11.408+05:30  INFO 23948 --- [networkticketingapplicationproject] [http-nio-9090-exec-4] c.p.n.controller.CustomerController      : getticket
2024-06-14T20:08:44.374+05:30  INFO 23948 --- [networkticketingapplicationproject] [http-nio-9090-exec-5] c.p.n.controller.CustomerController      : getticket
2024-06-14T20:08:49.019+05:30  INFO 23948 --- [networkticketingapplicationproject] [http-nio-9090-exec-7] c.p.n.controller.CustomerController      : updateticket
2024-06-14T20:08:49.075+05:30  INFO 23948 --- [networkticketingapplicationproject] [http-nio-9090-exec-8] c.p.n.controller.CustomerController      : getmytickets
2024-06-14T20:08:54.645+05:30  INFO 23948 --- [networkticketingapplicationproject] [http-nio-9090-exec-9] c.p.n.controller.CustomerController      : getticket
2024-06-14T20:09:52.924+05:30  INFO 23948 --- [networkticketingapplicationproject] [http-nio-9090-exec-10] c.p.n.controller.AuthController          : User Signin
2024-06-14T20:09:54.737+05:30  INFO 23948 --- [networkticketingapplicationproject] [http-nio-9090-exec-3] c.p.n.c.SpecialistITSupportController    : critical
2024-06-14T20:10:06.203+05:30  INFO 23948 --- [networkticketingapplicationproject] [http-nio-9090-exec-4] c.p.n.c.SpecialistITSupportController    : getticket
2024-06-14T20:10:23.329+05:30  INFO 23948 --- [networkticketingapplicationproject] [http-nio-9090-exec-5] c.p.n.c.SpecialistITSupportController    : getticket
2024-06-14T20:10:31.547+05:30  INFO 23948 --- [networkticketingapplicationproject] [http-nio-9090-exec-8] c.p.n.c.SpecialistITSupportController    : critical
2024-06-14T20:10:58.008+05:30  INFO 23948 --- [networkticketingapplicationproject] [http-nio-9090-exec-9] c.p.n.controller.AuthController          : User Signin
2024-06-14T20:10:59.835+05:30  INFO 23948 --- [networkticketingapplicationproject] [http-nio-9090-exec-10] c.p.n.controller.CustomerController      : getmytickets
2024-06-14T20:16:02.936+05:30  INFO 23948 --- [networkticketingapplicationproject] [RMI TCP Connection(21)-127.0.0.1] inMXBeanRegistrar$SpringApplicationAdmin : Application shutdown requested.
2024-06-14T20:16:02.994+05:30  INFO 23948 --- [networkticketingapplicationproject] [RMI TCP Connection(21)-127.0.0.1] j.LocalContainerEntityManagerFactoryBean : Closing JPA EntityManagerFactory for persistence unit 'default'
2024-06-14T20:16:03.000+05:30  INFO 23948 --- [networkticketingapplicationproject] [RMI TCP Connection(21)-127.0.0.1] com.zaxxer.hikari.HikariDataSource       : HikariPool-1 - Shutdown initiated...
2024-06-14T20:16:03.014+05:30  INFO 23948 --- [networkticketingapplicationproject] [RMI TCP Connection(21)-127.0.0.1] com.zaxxer.hikari.HikariDataSource       : HikariPool-1 - Shutdown completed.
